[ 2021-12-24 00:19:28,793, DEBUG] Starting new HTTPS connection (1): httpbin.org:443
[ 2021-12-24 00:19:29,357, DEBUG] https://httpbin.org:443 "POST /post HTTP/1.1" 200 9615
[ 2021-12-24 00:21:26,261, DEBUG] Starting new HTTPS connection (1): httpbin.org:443
[ 2021-12-24 00:21:27,562, DEBUG] https://httpbin.org:443 "POST /post HTTP/1.1" 200 1338754
[ 2021-12-24 00:22:02,447, DEBUG] Starting new HTTPS connection (1): httpbin.org:443
[ 2021-12-24 00:22:02,940, DEBUG] https://httpbin.org:443 "POST /post HTTP/1.1" 200 9615
[ 2021-12-24 00:23:38,569, DEBUG] Starting new HTTPS connection (1): httpbin.org:443
[ 2021-12-24 00:23:53,292, DEBUG] Starting new HTTPS connection (1): httpbin.org:443
[ 2021-12-24 00:23:53,818, DEBUG] https://httpbin.org:443 "POST /post HTTP/1.1" 200 9615
[ 2021-12-24 00:23:59,890, DEBUG] Starting new HTTPS connection (1): httpbin.org:443
[ 2021-12-24 00:24:01,443, DEBUG] https://httpbin.org:443 "POST /post HTTP/1.1" 200 1338754
[ 2021-12-24 00:25:02,540, DEBUG] Starting new HTTPS connection (1): httpbin.org:443
[ 2021-12-24 00:25:03,341, DEBUG] https://httpbin.org:443 "POST /post HTTP/1.1" 200 9615
[ 2021-12-24 00:32:42,137, DEBUG] Starting new HTTPS connection (1): httpbin.org:443
[ 2021-12-24 00:32:42,668, DEBUG] https://httpbin.org:443 "POST /post HTTP/1.1" 200 9615
[ 2021-12-24 00:32:42,693, ERROR] Inserted rows: 1
[ 2021-12-24 00:32:48,968, ERROR] rollback occurred
[ 2021-12-24 00:32:52,479, ERROR] Upload Successfull for File ricevuta_bonifico_tesseramento_ancora_italia.pdf. status_code: 200!
[ 2021-12-24 00:33:21,008, DEBUG] Starting new HTTPS connection (1): httpbin.org:443
[ 2021-12-24 00:33:21,505, DEBUG] https://httpbin.org:443 "POST /post HTTP/1.1" 200 9615
[ 2021-12-24 00:33:21,514, ERROR] Aborted! Error recording entry in table for file C:/Users/f.faccia/Downloads/ricevuta_bonifico_tesseramento_ancora_italia.pdf! Error: Cannot operate on a closed database.
[ 2021-12-24 00:35:48,935, DEBUG] Starting new HTTPS connection (1): httpbin.org:443
[ 2021-12-24 00:35:49,429, DEBUG] https://httpbin.org:443 "POST /post HTTP/1.1" 200 9615
[ 2021-12-24 00:35:49,457, ERROR] Inserted rows: 1
[ 2021-12-24 00:35:52,618, ERROR] rollback occurred
[ 2021-12-24 00:35:54,402, ERROR] Upload Successfull for File ricevuta_bonifico_tesseramento_ancora_italia.pdf. status_code: 200!
[ 2021-12-24 00:40:29,916, DEBUG] Starting new HTTPS connection (1): httpbin.org:443
[ 2021-12-24 00:40:30,511, DEBUG] https://httpbin.org:443 "POST /post HTTP/1.1" 200 23156
[ 2021-12-24 00:40:30,658, ERROR] Inserted rows: 1
[ 2021-12-24 00:40:35,404, ERROR] rollback occurred
[ 2021-12-24 00:40:37,994, ERROR] Upload Successfull for File document.pdf. status_code: 200!
[ 2021-12-24 00:42:23,702, DEBUG] Starting new HTTPS connection (1): httpbin.org:443
[ 2021-12-24 00:42:24,217, DEBUG] https://httpbin.org:443 "POST /post HTTP/1.1" 200 9615
[ 2021-12-24 00:42:24,256, ERROR] Inserted rows: 1
[ 2021-12-24 00:44:30,638, ERROR] rollback occurred
[ 2021-12-24 00:44:31,750, ERROR] Upload Successfull for File ricevuta_bonifico_tesseramento_ancora_italia.pdf. status_code: 200!
[ 2021-12-24 00:44:46,657, DEBUG] Starting new HTTPS connection (1): httpbin.org:443
[ 2021-12-24 00:44:47,247, DEBUG] https://httpbin.org:443 "POST /post HTTP/1.1" 200 9615
[ 2021-12-24 00:44:47,264, ERROR] Inserted rows: 1
[ 2021-12-24 00:44:48,954, ERROR] rollback occurred
[ 2021-12-24 00:44:52,999, ERROR] Upload Successfull for File ricevuta_bonifico_tesseramento_ancora_italia.pdf. status_code: 200!
[ 2021-12-24 00:46:36,309, DEBUG] Starting new HTTPS connection (1): httpbin.org:443
[ 2021-12-24 00:46:36,829, DEBUG] https://httpbin.org:443 "POST /post HTTP/1.1" 200 9615
[ 2021-12-24 00:46:41,232, ERROR] Upload Successfull for File ricevuta_bonifico_tesseramento_ancora_italia.pdf. status_code: 200!
[ 2021-12-24 00:46:59,655, DEBUG] Starting new HTTPS connection (1): httpbin.org:443
[ 2021-12-24 00:47:00,941, DEBUG] https://httpbin.org:443 "POST /post HTTP/1.1" 200 1338754
[ 2021-12-24 00:47:03,435, ERROR] Upload Successfull for File pascarella_sonetti.pdf. status_code: 200!
[ 2021-12-24 00:47:51,187, DEBUG] Starting new HTTPS connection (1): httpbin.org:443
[ 2021-12-24 00:47:52,728, DEBUG] https://httpbin.org:443 "POST /post HTTP/1.1" 200 1338754
[ 2021-12-24 00:47:55,223, ERROR] Upload Successfull for File pascarella_sonetti.pdf. status_code: 200!
[ 2021-12-25 15:29:17,049, DEBUG] Starting new HTTPS connection (1): httpbin.org:443
[ 2021-12-25 15:29:17,689, DEBUG] https://httpbin.org:443 "POST /post HTTP/1.1" 200 23156
[ 2021-12-25 15:30:04,070, DEBUG] Starting new HTTPS connection (1): httpbin.org:443
[ 2021-12-25 15:30:04,694, DEBUG] https://httpbin.org:443 "POST /post HTTP/1.1" 200 23156
[ 2021-12-25 15:34:37,573, DEBUG] Starting new HTTPS connection (1): httpbin.org:443
[ 2021-12-25 15:34:38,222, DEBUG] https://httpbin.org:443 "POST /post HTTP/1.1" 200 23156
[ 2021-12-25 15:34:39,626, ERROR] Upload Successfull for File document.pdf. status_code: 200!
[ 2021-12-25 20:22:26,775, DEBUG] Starting new HTTPS connection (1): httpbin.org:443
[ 2021-12-25 20:22:27,419, DEBUG] https://httpbin.org:443 "POST /post HTTP/1.1" 200 23156
[ 2021-12-25 20:22:46,392, ERROR] Upload Successfull for File document.pdf. status_code: 200!
[ 2021-12-25 20:22:46,403, ERROR] Error saving file document.pdf into db!
[ 2021-12-25 20:39:54,620, DEBUG] Starting new HTTPS connection (1): httpbin.org:443
[ 2021-12-25 20:39:55,337, DEBUG] https://httpbin.org:443 "POST /post HTTP/1.1" 200 23156
[ 2021-12-25 20:39:57,760, ERROR] Upload Successfull for File document.pdf. status_code: 200!
[ 2021-12-25 20:39:57,770, ERROR] Error saving file document.pdf into db!
[ 2021-12-25 20:46:35,013, DEBUG] Starting new HTTPS connection (1): httpbin.org:443
[ 2021-12-25 20:46:35,638, DEBUG] https://httpbin.org:443 "POST /post HTTP/1.1" 200 23156
[ 2021-12-25 20:46:37,032, ERROR] Upload Successfull for File document.pdf. status_code: 200!
[ 2021-12-25 20:46:37,043, ERROR] Error saving file document.pdf into db!
[ 2021-12-25 23:18:54,990, DEBUG] Starting new HTTPS connection (1): httpbin.org:443
[ 2021-12-25 23:18:55,617, DEBUG] https://httpbin.org:443 "POST /post HTTP/1.1" 200 23156
[ 2021-12-25 23:18:57,495, ERROR] Upload Successfull for File document.pdf. status_code: 200!
[ 2021-12-25 23:18:57,503, ERROR] Error saving file document.pdf into db!
[ 2021-12-25 23:20:14,678, DEBUG] Starting new HTTPS connection (1): httpbin.org:443
[ 2021-12-25 23:20:15,278, DEBUG] https://httpbin.org:443 "POST /post HTTP/1.1" 200 23156
[ 2021-12-25 23:20:18,237, ERROR] Upload Successfull for File document.pdf. status_code: 200!
[ 2021-12-25 23:20:18,248, ERROR] Error saving file document.pdf into db!
[ 2021-12-25 23:22:10,733, DEBUG] Starting new HTTPS connection (1): httpbin.org:443
[ 2021-12-25 23:22:11,349, DEBUG] https://httpbin.org:443 "POST /post HTTP/1.1" 200 23156
[ 2021-12-25 23:22:12,958, ERROR] Upload Successfull for File document.pdf. status_code: 200!
[ 2021-12-25 23:22:12,972, ERROR] Error saving file document.pdf into db!
[ 2021-12-25 23:23:24,061, DEBUG] Starting new HTTPS connection (1): httpbin.org:443
[ 2021-12-25 23:23:24,674, DEBUG] https://httpbin.org:443 "POST /post HTTP/1.1" 200 23156
[ 2021-12-25 23:23:26,501, ERROR] Upload Successfull for File document.pdf. status_code: 200!
[ 2021-12-25 23:23:26,516, ERROR] Error saving file document.pdf into db!
[ 2021-12-25 23:26:15,798, DEBUG] Starting new HTTPS connection (1): httpbin.org:443
[ 2021-12-25 23:26:16,407, DEBUG] https://httpbin.org:443 "POST /post HTTP/1.1" 200 23156
[ 2021-12-25 23:26:17,900, ERROR] Upload Successfull for File document.pdf. status_code: 200!
[ 2021-12-25 23:26:17,912, ERROR] Error saving file document.pdf into db!
[ 2021-12-25 23:29:03,873, DEBUG] Starting new HTTPS connection (1): httpbin.org:443
[ 2021-12-25 23:29:04,635, DEBUG] https://httpbin.org:443 "POST /post HTTP/1.1" 200 23156
[ 2021-12-25 23:29:06,263, ERROR] Upload Successfull for File document.pdf. status_code: 200!
[ 2021-12-25 23:31:17,015, DEBUG] Starting new HTTPS connection (1): httpbin.org:443
[ 2021-12-25 23:31:17,665, DEBUG] https://httpbin.org:443 "POST /post HTTP/1.1" 200 23156
[ 2021-12-25 23:31:19,549, ERROR] Upload Successfull for File document.pdf. status_code: 200!
[ 2021-12-25 23:33:01,278, DEBUG] Starting new HTTPS connection (1): httpbin.org:443
[ 2021-12-25 23:33:02,561, DEBUG] https://httpbin.org:443 "POST /post HTTP/1.1" 200 1338754
[ 2021-12-25 23:33:04,726, ERROR] Upload Successfull for File pascarella_sonetti.pdf. status_code: 200!
[ 2021-12-25 23:35:29,123, DEBUG] Starting new HTTPS connection (1): httpbin.org:443
[ 2021-12-25 23:35:29,631, DEBUG] https://httpbin.org:443 "POST /post HTTP/1.1" 200 9615
[ 2021-12-25 23:35:31,294, ERROR] Upload Successfull for File ricevuta_bonifico_tesseramento_ancora_italia.pdf. status_code: 200!
[ 2021-12-25 23:37:08,074, DEBUG] Starting new HTTPS connection (1): httpbin.org:443
[ 2021-12-25 23:37:08,665, DEBUG] https://httpbin.org:443 "POST /post HTTP/1.1" 200 23156
[ 2021-12-25 23:37:10,574, ERROR] Upload Successfull for File document.pdf. status_code: 200!
[ 2021-12-25 23:38:25,166, DEBUG] Starting new HTTPS connection (1): httpbin.org:443
[ 2021-12-25 23:38:26,450, DEBUG] https://httpbin.org:443 "POST /post HTTP/1.1" 200 1338754
[ 2021-12-25 23:38:28,990, ERROR] Upload Successfull for File pascarella_sonetti.pdf. status_code: 200!
[ 2021-12-25 23:42:17,376, DEBUG] Starting new HTTPS connection (1): httpbin.org:443
[ 2021-12-25 23:42:17,994, DEBUG] https://httpbin.org:443 "POST /post HTTP/1.1" 200 23156
[ 2021-12-25 23:42:19,228, ERROR] Upload Successfull for File document.pdf. status_code: 200!
[ 2021-12-25 23:43:24,189, DEBUG] Starting new HTTPS connection (1): httpbin.org:443
[ 2021-12-25 23:43:24,813, DEBUG] https://httpbin.org:443 "POST /post HTTP/1.1" 200 23156
[ 2021-12-25 23:43:26,374, ERROR] Upload Successfull for File document.pdf. status_code: 200!
[ 2021-12-25 23:45:06,157, DEBUG] Starting new HTTPS connection (1): httpbin.org:443
[ 2021-12-25 23:45:06,648, DEBUG] https://httpbin.org:443 "POST /post HTTP/1.1" 200 9615
[ 2021-12-25 23:45:10,149, ERROR] Upload Successfull for File ricevuta_bonifico_tesseramento_ancora_italia.pdf. status_code: 200!
[ 2021-12-26 14:54:19,504, DEBUG] Starting new HTTPS connection (1): httpbin.org:443
[ 2021-12-26 14:54:20,271, DEBUG] https://httpbin.org:443 "POST /post HTTP/1.1" 200 9615
[ 2021-12-26 15:02:16,614, ERROR] Upload Successfull for File ricevuta_bonifico_tesseramento_ancora_italia.pdf. status_code: 200!
[ 2021-12-26 15:05:22,044, DEBUG] Starting new HTTPS connection (1): httpbin.org:443
[ 2021-12-26 15:05:22,626, DEBUG] https://httpbin.org:443 "POST /post HTTP/1.1" 200 9615
[ 2021-12-26 15:05:25,845, ERROR] Upload Successfull for File ricevuta_bonifico_tesseramento_ancora_italia.pdf. status_code: 200!
[ 2021-12-26 15:05:25,847, ERROR] Error saving file ricevuta_bonifico_tesseramento_ancora_italia.pdf!
[ 2021-12-26 15:08:19,479, DEBUG] Starting new HTTPS connection (1): httpbin.org:443
[ 2021-12-26 15:08:20,050, DEBUG] https://httpbin.org:443 "POST /post HTTP/1.1" 200 9615
[ 2021-12-26 15:08:21,615, ERROR] Upload Successfull for File ricevuta_bonifico_tesseramento_ancora_italia.pdf. status_code: 200!
[ 2021-12-26 15:08:21,615, ERROR] Error saving file ricevuta_bonifico_tesseramento_ancora_italia.pdf!
[ 2021-12-26 15:11:30,046, DEBUG] Starting new HTTPS connection (1): httpbin.org:443
[ 2021-12-26 15:11:30,593, DEBUG] https://httpbin.org:443 "POST /post HTTP/1.1" 200 9615
[ 2021-12-26 15:11:32,126, ERROR] Upload Successfull for File ricevuta_bonifico_tesseramento_ancora_italia.pdf. status_code: 200!
[ 2021-12-26 15:12:27,043, DEBUG] Starting new HTTPS connection (1): httpbin.org:443
[ 2021-12-26 15:12:27,624, DEBUG] https://httpbin.org:443 "POST /post HTTP/1.1" 200 23156
[ 2021-12-26 15:12:29,584, ERROR] Upload Successfull for File document.pdf. status_code: 200!
[ 2021-12-26 16:27:31,846, DEBUG] Starting new HTTPS connection (1): httpbin.org:443
[ 2021-12-26 16:27:32,388, DEBUG] https://httpbin.org:443 "POST /post HTTP/1.1" 200 9615
[ 2021-12-26 16:27:33,869, ERROR] Upload Successfull for File ricevuta_bonifico_tesseramento_ancora_italia.pdf. status_code: 200!
[ 2021-12-26 16:32:07,513, DEBUG] Starting new HTTPS connection (1): httpbin.org:443
[ 2021-12-26 16:32:07,998, DEBUG] https://httpbin.org:443 "POST /post HTTP/1.1" 200 9615
[ 2021-12-26 16:32:09,817, ERROR] Upload Successfull for File ricevuta_bonifico_tesseramento_ancora_italia.pdf. status_code: 200!
[ 2021-12-26 16:33:30,910, DEBUG] Starting new HTTPS connection (1): httpbin.org:443
[ 2021-12-26 16:33:31,419, DEBUG] https://httpbin.org:443 "POST /post HTTP/1.1" 200 9615
[ 2021-12-26 16:33:34,812, ERROR] Upload Successfull for File ricevuta_bonifico_tesseramento_ancora_italia.pdf. status_code: 200!
[ 2021-12-26 16:34:07,455, DEBUG] Starting new HTTPS connection (1): httpbin.org:443
[ 2021-12-26 16:34:07,977, DEBUG] https://httpbin.org:443 "POST /post HTTP/1.1" 200 9615
[ 2021-12-26 16:34:09,277, ERROR] Upload Successfull for File ricevuta_bonifico_tesseramento_ancora_italia.pdf. status_code: 200!
[ 2021-12-26 16:35:40,532, DEBUG] Starting new HTTPS connection (1): httpbin.org:443
[ 2021-12-26 16:35:41,048, DEBUG] https://httpbin.org:443 "POST /post HTTP/1.1" 200 9615
[ 2021-12-26 16:35:44,101, ERROR] Upload Successfull for File ricevuta_bonifico_tesseramento_ancora_italia.pdf. status_code: 200!
[ 2021-12-26 16:45:54,261, DEBUG] Starting new HTTPS connection (1): httpbin.org:443
[ 2021-12-26 16:45:54,793, DEBUG] https://httpbin.org:443 "POST /post HTTP/1.1" 200 9615
[ 2021-12-26 16:45:56,852, ERROR] Upload Successfull for File ricevuta_bonifico_tesseramento_ancora_italia.pdf. status_code: 200!
[ 2021-12-26 16:45:56,880, DEBUG] Starting new HTTPS connection (1): httpbin.org:443
[ 2021-12-26 16:45:57,347, DEBUG] https://httpbin.org:443 "POST /post HTTP/1.1" 200 9615
[ 2021-12-26 16:45:58,091, ERROR] Upload Successfull for File ricevuta_bonifico_tesseramento_ancora_italia.pdf. status_code: 200!
[ 2021-12-26 16:45:58,112, DEBUG] Starting new HTTPS connection (1): httpbin.org:443
[ 2021-12-26 16:45:58,595, DEBUG] https://httpbin.org:443 "POST /post HTTP/1.1" 200 9615
[ 2021-12-26 16:45:59,104, ERROR] Upload Successfull for File ricevuta_bonifico_tesseramento_ancora_italia.pdf. status_code: 200!
[ 2021-12-26 16:45:59,121, DEBUG] Starting new HTTPS connection (1): httpbin.org:443
[ 2021-12-26 16:45:59,612, DEBUG] https://httpbin.org:443 "POST /post HTTP/1.1" 200 9615
[ 2021-12-26 16:46:00,050, ERROR] Upload Successfull for File ricevuta_bonifico_tesseramento_ancora_italia.pdf. status_code: 200!
[ 2021-12-26 16:46:00,076, DEBUG] Starting new HTTPS connection (1): httpbin.org:443
[ 2021-12-26 16:46:00,573, DEBUG] https://httpbin.org:443 "POST /post HTTP/1.1" 200 9615
[ 2021-12-26 16:46:01,004, ERROR] Upload Successfull for File ricevuta_bonifico_tesseramento_ancora_italia.pdf. status_code: 200!
[ 2021-12-26 16:46:01,025, DEBUG] Starting new HTTPS connection (1): httpbin.org:443
[ 2021-12-26 16:46:01,614, DEBUG] https://httpbin.org:443 "POST /post HTTP/1.1" 200 23156
[ 2021-12-26 16:46:02,475, ERROR] Upload Successfull for File document.pdf. status_code: 200!
[ 2021-12-26 16:46:02,504, DEBUG] Starting new HTTPS connection (1): httpbin.org:443
[ 2021-12-26 16:46:02,990, DEBUG] https://httpbin.org:443 "POST /post HTTP/1.1" 200 9615
[ 2021-12-26 16:46:03,364, ERROR] Upload Successfull for File ricevuta_bonifico_tesseramento_ancora_italia.pdf. status_code: 200!
[ 2021-12-26 16:46:03,393, DEBUG] Starting new HTTPS connection (1): httpbin.org:443
[ 2021-12-26 16:46:03,894, DEBUG] https://httpbin.org:443 "POST /post HTTP/1.1" 200 9615
[ 2021-12-26 16:46:04,323, ERROR] Upload Successfull for File ricevuta_bonifico_tesseramento_ancora_italia.pdf. status_code: 200!
[ 2021-12-26 16:46:04,344, DEBUG] Starting new HTTPS connection (1): httpbin.org:443
[ 2021-12-26 16:46:04,824, DEBUG] https://httpbin.org:443 "POST /post HTTP/1.1" 200 9615
[ 2021-12-26 16:46:05,319, ERROR] Upload Successfull for File ricevuta_bonifico_tesseramento_ancora_italia.pdf. status_code: 200!
[ 2021-12-26 16:46:05,340, DEBUG] Starting new HTTPS connection (1): httpbin.org:443
[ 2021-12-26 16:46:05,819, DEBUG] https://httpbin.org:443 "POST /post HTTP/1.1" 200 9615
[ 2021-12-26 16:46:06,282, ERROR] Upload Successfull for File ricevuta_bonifico_tesseramento_ancora_italia.pdf. status_code: 200!
[ 2021-12-26 16:46:06,304, DEBUG] Starting new HTTPS connection (1): httpbin.org:443
[ 2021-12-26 16:46:06,830, DEBUG] https://httpbin.org:443 "POST /post HTTP/1.1" 200 9615
[ 2021-12-26 16:46:07,258, ERROR] Upload Successfull for File ricevuta_bonifico_tesseramento_ancora_italia.pdf. status_code: 200!
[ 2021-12-26 19:30:17,463, DEBUG] Starting new HTTPS connection (1): httpbin.org:443
[ 2021-12-26 19:30:17,964, DEBUG] https://httpbin.org:443 "POST /post HTTP/1.1" 200 9615
[ 2021-12-26 19:30:19,864, ERROR] Upload Successfull for File ricevuta_bonifico_tesseramento_ancora_italia.pdf. status_code: 200!
[ 2021-12-26 19:30:41,125, DEBUG] Starting new HTTPS connection (1): httpbin.org:443
[ 2021-12-26 19:30:42,482, DEBUG] https://httpbin.org:443 "POST /post HTTP/1.1" 200 1338754
[ 2021-12-26 19:30:46,376, ERROR] Upload Successfull for File pascarella_sonetti.pdf. status_code: 200!
[ 2021-12-26 19:42:45,946, ERROR] Deleted rows: 0
[ 2021-12-26 19:42:47,130, ERROR] rollback occurred
[ 2021-12-26 19:42:58,578, ERROR] Deleted rows: 0
[ 2021-12-26 19:42:59,401, ERROR] rollback occurred
[ 2021-12-26 22:19:02,619, DEBUG] Starting new HTTPS connection (1): httpbin.org:443
[ 2021-12-26 22:19:03,189, DEBUG] https://httpbin.org:443 "POST /post HTTP/1.1" 200 9615
[ 2021-12-26 22:19:04,913, ERROR] Upload Successfull for File ricevuta_bonifico_tesseramento_ancora_italia.pdf. status_code: 200!
[ 2021-12-26 22:19:04,939, DEBUG] Starting new HTTPS connection (1): httpbin.org:443
[ 2021-12-26 22:19:05,530, DEBUG] https://httpbin.org:443 "POST /post HTTP/1.1" 200 23156
[ 2021-12-26 22:19:06,752, ERROR] Upload Successfull for File document.pdf. status_code: 200!
[ 2021-12-26 22:38:10,936, ERROR] Error deleting rows from pdf2file0f. Deleted rows: 2
[ 2021-12-26 22:38:28,187, ERROR] rollback occurred
[ 2021-12-26 22:40:05,761, DEBUG] Starting new HTTPS connection (1): httpbin.org:443
[ 2021-12-26 22:40:06,275, DEBUG] https://httpbin.org:443 "POST /post HTTP/1.1" 200 9615
[ 2021-12-26 22:40:07,231, ERROR] Upload Successfull for File ricevuta_bonifico_tesseramento_ancora_italia.pdf. status_code: 200!
[ 2021-12-26 22:40:07,255, DEBUG] Starting new HTTPS connection (1): httpbin.org:443
[ 2021-12-26 22:40:07,846, DEBUG] https://httpbin.org:443 "POST /post HTTP/1.1" 200 23156
[ 2021-12-26 22:40:08,783, ERROR] Upload Successfull for File document.pdf. status_code: 200!
[ 2021-12-26 22:40:08,813, DEBUG] Starting new HTTPS connection (1): httpbin.org:443
[ 2021-12-26 22:40:10,211, DEBUG] https://httpbin.org:443 "POST /post HTTP/1.1" 200 1338754
[ 2021-12-26 22:40:11,824, ERROR] Upload Successfull for File pascarella_sonetti.pdf. status_code: 200!
[ 2021-12-26 22:44:44,141, DEBUG] Starting new HTTPS connection (1): httpbin.org:443
[ 2021-12-26 22:44:44,686, DEBUG] https://httpbin.org:443 "POST /post HTTP/1.1" 200 9615
[ 2021-12-26 22:44:46,063, ERROR] Upload Successfull for File ricevuta_bonifico_tesseramento_ancora_italia.pdf. status_code: 200!
[ 2021-12-26 22:44:46,090, DEBUG] Starting new HTTPS connection (1): httpbin.org:443
[ 2021-12-26 22:44:46,680, DEBUG] https://httpbin.org:443 "POST /post HTTP/1.1" 200 23156
[ 2021-12-26 22:44:47,329, ERROR] Upload Successfull for File document.pdf. status_code: 200!
[ 2021-12-26 22:44:47,355, DEBUG] Starting new HTTPS connection (1): httpbin.org:443
[ 2021-12-26 22:44:48,630, DEBUG] https://httpbin.org:443 "POST /post HTTP/1.1" 200 1338754
[ 2021-12-26 22:44:50,181, ERROR] Upload Successfull for File pascarella_sonetti.pdf. status_code: 200!
[ 2021-12-26 22:44:50,611, DEBUG] Starting new HTTPS connection (1): httpbin.org:443
[ 2021-12-26 22:44:51,564, DEBUG] https://httpbin.org:443 "POST /post HTTP/1.1" 200 491649
[ 2021-12-26 22:44:52,633, ERROR] Upload Successfull for File 49_46_consenso_al_trattamento_dati_-_link_n_2.pdf. status_code: 200!
[ 2021-12-26 22:44:52,673, DEBUG] Starting new HTTPS connection (1): httpbin.org:443
[ 2021-12-26 22:44:53,607, DEBUG] https://httpbin.org:443 "POST /post HTTP/1.1" 200 330373
[ 2021-12-26 22:44:54,513, ERROR] Upload Successfull for File 44_11_richiesta_di_visita_medica_-_link_1_buono.pdf. status_code: 200!
[ 2021-12-26 22:44:54,549, DEBUG] Starting new HTTPS connection (1): httpbin.org:443
[ 2021-12-26 22:44:55,612, DEBUG] https://httpbin.org:443 "POST /post HTTP/1.1" 200 272821
[ 2021-12-26 22:44:56,679, ERROR] Upload Successfull for File 19_08_dichiarazione_sostitutiva_anamnestico_-_link_5_buono.pdf. status_code: 200!
[ 2021-12-26 22:44:56,711, DEBUG] Starting new HTTPS connection (1): httpbin.org:443
[ 2021-12-26 22:44:57,514, DEBUG] https://httpbin.org:443 "POST /post HTTP/1.1" 200 142181
[ 2021-12-26 22:44:58,387, ERROR] Upload Successfull for File provvedimento 24 febbraio 2017 canone rai_entrate_dich_sost rai_mod.pdf. status_code: 200!
[ 2021-12-26 22:45:10,815, DEBUG] Starting new HTTPS connection (1): httpbin.org:443
[ 2021-12-26 22:45:11,584, DEBUG] https://httpbin.org:443 "POST /post HTTP/1.1" 200 142181
[ 2021-12-26 22:45:13,175, ERROR] Upload Successfull for File provvedimento 24 febbraio 2017 canone rai_entrate_dich_sost rai_mod.pdf. status_code: 200!
[ 2021-12-26 22:45:13,199, DEBUG] Starting new HTTPS connection (1): httpbin.org:443
[ 2021-12-26 22:45:14,051, DEBUG] https://httpbin.org:443 "POST /post HTTP/1.1" 200 272821
[ 2021-12-26 22:45:14,990, ERROR] Upload Successfull for File 19_08_dichiarazione_sostitutiva_anamnestico_-_link_5_buono.pdf. status_code: 200!
[ 2021-12-26 22:45:15,022, DEBUG] Starting new HTTPS connection (1): httpbin.org:443
[ 2021-12-26 22:45:15,998, DEBUG] https://httpbin.org:443 "POST /post HTTP/1.1" 200 330373
[ 2021-12-26 22:45:16,976, ERROR] Upload Successfull for File 44_11_richiesta_di_visita_medica_-_link_1_buono.pdf. status_code: 200!
[ 2021-12-26 22:45:17,004, DEBUG] Starting new HTTPS connection (1): httpbin.org:443
[ 2021-12-26 22:45:17,969, DEBUG] https://httpbin.org:443 "POST /post HTTP/1.1" 200 491649
[ 2021-12-26 22:45:18,928, ERROR] Upload Successfull for File 49_46_consenso_al_trattamento_dati_-_link_n_2.pdf. status_code: 200!
[ 2021-12-26 22:45:18,961, DEBUG] Starting new HTTPS connection (1): httpbin.org:443
[ 2021-12-26 22:45:20,229, DEBUG] https://httpbin.org:443 "POST /post HTTP/1.1" 200 1338754
[ 2021-12-26 22:45:21,584, ERROR] Upload Successfull for File pascarella_sonetti.pdf. status_code: 200!
[ 2021-12-26 22:45:21,620, DEBUG] Starting new HTTPS connection (1): httpbin.org:443
[ 2021-12-26 22:45:22,219, DEBUG] https://httpbin.org:443 "POST /post HTTP/1.1" 200 23156
[ 2021-12-26 22:45:23,543, ERROR] Upload Successfull for File document.pdf. status_code: 200!
[ 2021-12-26 22:45:23,580, DEBUG] Starting new HTTPS connection (1): httpbin.org:443
[ 2021-12-26 22:45:24,057, DEBUG] https://httpbin.org:443 "POST /post HTTP/1.1" 200 9615
[ 2021-12-26 22:45:24,815, ERROR] Upload Successfull for File ricevuta_bonifico_tesseramento_ancora_italia.pdf. status_code: 200!
[ 2021-12-26 23:37:32,086, DEBUG] Starting new HTTPS connection (1): httpbin.org:443
[ 2021-12-26 23:37:33,088, DEBUG] https://httpbin.org:443 "POST /post HTTP/1.1" 200 491649
[ 2021-12-26 23:37:37,525, ERROR] Upload Successfull for File 49_46_consenso_al_trattamento_dati_-_link_n_2.pdf. status_code: 200!
[ 2021-12-28 15:22:08,269, DEBUG] Starting new HTTPS connection (1): httpbin.org:443
[ 2021-12-28 15:22:09,294, DEBUG] https://httpbin.org:443 "POST /post HTTP/1.1" 200 491649
[ 2021-12-28 15:22:11,161, ERROR] Upload Successfull for File 49_46_consenso_al_trattamento_dati_-_link_n_2.pdf. status_code: 200!
