[ 2021-12-28 18:35:23,063, DEBUG] Starting new HTTPS connection (1): httpbin.org:443
[ 2021-12-28 18:35:23,569, DEBUG] https://httpbin.org:443 "POST /post HTTP/1.1" 200 9615
[ 2021-12-28 18:35:25,030, ERROR] Upload Successfull for File ricevuta_bonifico_tesseramento_ancora_italia.pdf. status_code: 200!
[ 2021-12-28 18:35:25,054, DEBUG] Starting new HTTPS connection (1): httpbin.org:443
[ 2021-12-28 18:35:25,632, DEBUG] https://httpbin.org:443 "POST /post HTTP/1.1" 200 23156
[ 2021-12-28 18:35:26,366, ERROR] Upload Successfull for File document.pdf. status_code: 200!
[ 2021-12-29 12:42:06,932, DEBUG] Starting new HTTPS connection (1): httpbin.org:443
[ 2021-12-29 12:42:07,564, DEBUG] https://httpbin.org:443 "POST /post HTTP/1.1" 200 23156
[ 2021-12-29 12:45:31,362, DEBUG] Starting new HTTPS connection (1): httpbin.org:443
[ 2021-12-29 12:45:31,947, DEBUG] https://httpbin.org:443 "POST /post HTTP/1.1" 200 23156
[ 2021-12-29 12:45:42,799, ERROR] Upload failed for File document.pdf. status_code: 200!
[ 2021-12-29 12:45:42,807, DEBUG] Starting new HTTPS connection (1): httpbin.org:443
[ 2021-12-29 12:45:43,386, DEBUG] https://httpbin.org:443 "POST /post HTTP/1.1" 200 23156
[ 2021-12-29 12:45:45,454, ERROR] Upload failed for File document.pdf. status_code: 200!
[ 2021-12-29 12:47:44,090, DEBUG] Starting new HTTPS connection (1): httpbin.org:443
[ 2021-12-29 12:47:44,578, DEBUG] https://httpbin.org:443 "POST /post HTTP/1.1" 200 9615
[ 2021-12-29 12:49:24,770, ERROR] Upload failed for File ricevuta_bonifico_tesseramento_ancora_italia.pdf. status_code: 200!
[ 2021-12-29 12:51:37,303, DEBUG] Starting new HTTPS connection (1): httpbin.org:443
[ 2021-12-29 12:51:37,908, DEBUG] https://httpbin.org:443 "POST /post HTTP/1.1" 200 23156
[ 2021-12-29 12:53:45,081, DEBUG] Starting new HTTPS connection (1): httpbin.org:443
[ 2021-12-29 12:53:46,053, DEBUG] https://httpbin.org:443 "POST /post HTTP/1.1" 200 491649
[ 2021-12-29 12:54:25,580, DEBUG] Starting new HTTPS connection (1): httpbin.org:443
[ 2021-12-29 12:54:26,616, DEBUG] https://httpbin.org:443 "POST /post HTTP/1.1" 200 491649
[ 2021-12-29 12:54:29,907, ERROR] Upload Successfull for File 49_46_consenso_al_trattamento_dati_-_link_n_2.pdf. status_code: 200!
[ 2021-12-29 12:56:13,982, DEBUG] Starting new HTTPS connection (1): httpbin.org:443
[ 2021-12-29 12:56:14,908, DEBUG] https://httpbin.org:443 "POST /post HTTP/1.1" 200 330373
[ 2021-12-29 12:56:17,284, ERROR] Upload Successfull for File 44_11_richiesta_di_visita_medica_-_link_1_buono.pdf. status_code: 200!
[ 2021-12-29 12:59:14,148, DEBUG] Starting new HTTPS connection (1): httpbin.org:443
[ 2021-12-29 12:59:15,154, DEBUG] https://httpbin.org:443 "POST /post HTTP/1.1" 200 330373
[ 2021-12-29 12:59:17,284, ERROR] Upload Successfull for File 44_11_richiesta_di_visita_medica_-_link_1_buono.pdf. status_code: 200!
[ 2021-12-29 14:31:30,659, INFO] deleted id 17 from pdf2file0f
[ 2021-12-29 14:31:30,659, INFO] deleted id 17 from pdf2ws0f
[ 2021-12-29 14:31:30,659, INFO] deleted id 19 from pdf2ws0f
[ 2021-12-29 14:38:56,088, INFO] deleted id 27 from pdf2file0f
[ 2021-12-29 14:38:56,089, INFO] deleted id 27 from pdf2ws0f
[ 2021-12-29 14:39:09,374, DEBUG] Starting new HTTPS connection (1): httpbin.org:443
[ 2021-12-29 14:39:10,275, DEBUG] https://httpbin.org:443 "POST /post HTTP/1.1" 200 272821
[ 2021-12-29 14:39:12,131, ERROR] Upload Successfull for File 19_08_dichiarazione4.pdf' and '.\\save\\080000054.pdf' are the same file!
[ 2022-04-14 18:56:52,603, INFO] START PROGRAM
[ 2022-04-14 18:56:52,603, INFO] logs_dir: .\logs 
[ 2022-04-14 18:56:52,603, INFO] save_dir: .\save 
[ 2022-04-14 18:56:52,603, INFO] db_dir: .\db 
[ 2022-04-14 18:56:52,603, INFO] export_dir: .\export 
[ 2022-04-14 18:56:52,603, INFO] img_dir: .\img 
[ 2022-04-14 18:56:58,894, INFO] file: C:\Users\f.faccia\Documenti\sviluppo\python\postexe\save\080000054.pdf, operazione: remove
[ 2022-04-14 18:56:58,895, INFO] {'vbeln': '080000054', 'nomefile': '080000054.pdf', 'tipo': 'DDT'} 
[ 2022-04-14 18:56:58,902, DEBUG] Starting new HTTPS connection (1): sap-cloud-foundry-dev-qua-fauoq769.it-cpi018-rt.cfapps.eu10-003.hana.ondemand.com:443
[ 2022-04-14 18:56:59,076, DEBUG] https://sap-cloud-foundry-dev-qua-fauoq769.it-cpi018-rt.cfapps.eu10-003.hana.ondemand.com:443 "GET /http/CEVA/DeleteAttachment HTTP/1.1" 200 0
[ 2022-04-14 18:56:59,083, ERROR] token: nFM3iZ7WNK1HyYYw0pvEnEWJseX1peye
[ 2022-04-14 18:56:59,083, ERROR] {'X-CSRF-token': 'nFM3iZ7WNK1HyYYw0pvEnEWJseX1peye', 'Authorization': 'Basic c2ItMTEzYmJiNTktNDhkYy00ZjU4LTlhOWUtNjZkYmJiM2NkYmZiIWIxMzE0NjR8aXQtcnQtc2FwLWNsb3VkLWZvdW5kcnktZGV2LXF1YS1mYXVvcTc2OSFiMTE3OTEyOjBlNmI4MGU5LTMyNmEtNDhkYy04YTVhLWRkZDYxMTgyMWZiZiRCUEhHOFcwWlZKaVQyT0VWNUp3NzQ0VEpOSDMwMzJ5ZFVaT2U4YnMtcl9RPQ==', 'Accept': 'application/json', 'Content-Type': 'application/json'}
[ 2022-04-14 18:56:59,092, DEBUG] Starting new HTTPS connection (1): sap-cloud-foundry-dev-qua-fauoq769.it-cpi018-rt.cfapps.eu10-003.hana.ondemand.com:443
[ 2022-04-14 18:57:02,541, DEBUG] https://sap-cloud-foundry-dev-qua-fauoq769.it-cpi018-rt.cfapps.eu10-003.hana.ondemand.com:443 "DELETE /http/CEVA/DeleteAttachment HTTP/1.1" 204 0
[ 2022-04-14 18:57:03,828, ERROR] remove Successfull for File 080000054.pdf. status_code: 204!
[ 2022-04-14 18:57:03,832, ERROR] Error saving file 080000054.pdf
C:\Users\f.faccia\Documenti\sviluppo\python\postexe\save\080000054.pdf
.\save\080000054.pdf
error: 'C:\\Users\\f.faccia\\Documenti\\sviluppo\\python\\postexe\\save\\080000054.pdf' and '.\\save\\080000054.pdf' are the same file!
[ 2022-04-14 18:58:27,589, INFO] START PROGRAM
[ 2022-04-14 18:58:27,590, INFO] logs_dir: .\logs 
[ 2022-04-14 18:58:27,590, INFO] save_dir: .\save 
[ 2022-04-14 18:58:27,590, INFO] db_dir: .\db 
[ 2022-04-14 18:58:27,590, INFO] export_dir: .\export 
[ 2022-04-14 18:58:27,590, INFO] img_dir: .\img 
[ 2022-04-14 18:58:32,630, INFO] file: C:\Users\f.faccia\Documenti\sviluppo\python\postexe\save\080000054.pdf, operazione: upload
[ 2022-04-14 18:58:32,642, DEBUG] Starting new HTTPS connection (1): sap-cloud-foundry-dev-qua-fauoq769.it-cpi018-rt.cfapps.eu10-003.hana.ondemand.com:443
[ 2022-04-14 18:58:32,822, DEBUG] https://sap-cloud-foundry-dev-qua-fauoq769.it-cpi018-rt.cfapps.eu10-003.hana.ondemand.com:443 "GET /http/CEVA/InsertAttachment HTTP/1.1" 200 0
[ 2022-04-14 18:58:32,829, ERROR] token: HrlLV-Had22gxmRjPduxwauzq5Q2aQbM
[ 2022-04-14 18:58:32,829, ERROR] {'X-CSRF-token': 'HrlLV-Had22gxmRjPduxwauzq5Q2aQbM', 'Authorization': 'Basic c2ItMTEzYmJiNTktNDhkYy00ZjU4LTlhOWUtNjZkYmJiM2NkYmZiIWIxMzE0NjR8aXQtcnQtc2FwLWNsb3VkLWZvdW5kcnktZGV2LXF1YS1mYXVvcTc2OSFiMTE3OTEyOjBlNmI4MGU5LTMyNmEtNDhkYy04YTVhLWRkZDYxMTgyMWZiZiRCUEhHOFcwWlZKaVQyT0VWNUp3NzQ0VEpOSDMwMzJ5ZFVaT2U4YnMtcl9RPQ==', 'Accept': 'application/json', 'Content-Type': 'application/json'}
[ 2022-04-14 18:58:32,842, DEBUG] Starting new HTTPS connection (1): sap-cloud-foundry-dev-qua-fauoq769.it-cpi018-rt.cfapps.eu10-003.hana.ondemand.com:443
[ 2022-04-14 18:58:35,790, DEBUG] https://sap-cloud-foundry-dev-qua-fauoq769.it-cpi018-rt.cfapps.eu10-003.hana.ondemand.com:443 "POST /http/CEVA/InsertAttachment HTTP/1.1" 201 None
[ 2022-04-14 18:58:37,010, ERROR] upload Successfull for File 080000054.pdf. status_code: 201!
[ 2022-04-14 18:58:52,200, INFO] file: C:\Users\f.faccia\Downloads\080000054.pdf, operazione: remove
[ 2022-04-14 18:58:52,200, INFO] {'vbeln': '080000054', 'nomefile': '080000054.pdf', 'tipo': 'DDT'} 
[ 2022-04-14 18:58:52,201, DEBUG] Starting new HTTPS connection (1): sap-cloud-foundry-dev-qua-fauoq769.it-cpi018-rt.cfapps.eu10-003.hana.ondemand.com:443
[ 2022-04-14 18:58:52,359, DEBUG] https://sap-cloud-foundry-dev-qua-fauoq769.it-cpi018-rt.cfapps.eu10-003.hana.ondemand.com:443 "GET /http/CEVA/DeleteAttachment HTTP/1.1" 200 0
[ 2022-04-14 18:58:52,365, ERROR] token: hq9SSDXbuXwk_psbm35_VfhVHcru5Qs2
[ 2022-04-14 18:58:52,365, ERROR] {'X-CSRF-token': 'hq9SSDXbuXwk_psbm35_VfhVHcru5Qs2', 'Authorization': 'Basic c2ItMTEzYmJiNTktNDhkYy00ZjU4LTlhOWUtNjZkYmJiM2NkYmZiIWIxMzE0NjR8aXQtcnQtc2FwLWNsb3VkLWZvdW5kcnktZGV2LXF1YS1mYXVvcTc2OSFiMTE3OTEyOjBlNmI4MGU5LTMyNmEtNDhkYy04YTVhLWRkZDYxMTgyMWZiZiRCUEhHOFcwWlZKaVQyT0VWNUp3NzQ0VEpOSDMwMzJ5ZFVaT2U4YnMtcl9RPQ==', 'Accept': 'application/json', 'Content-Type': 'application/json'}
[ 2022-04-14 18:58:52,372, DEBUG] Starting new HTTPS connection (1): sap-cloud-foundry-dev-qua-fauoq769.it-cpi018-rt.cfapps.eu10-003.hana.ondemand.com:443
[ 2022-04-14 18:58:55,696, DEBUG] https://sap-cloud-foundry-dev-qua-fauoq769.it-cpi018-rt.cfapps.eu10-003.hana.ondemand.com:443 "DELETE /http/CEVA/DeleteAttachment HTTP/1.1" 204 0
[ 2022-04-14 18:58:57,019, ERROR] remove Successfull for File 080000054.pdf. status_code: 204!
[ 2022-05-05 15:03:11,935, INFO] START PROGRAM
[ 2022-05-05 15:03:11,935, INFO] logs_dir: .\logs 
[ 2022-05-05 15:03:11,935, INFO] save_dir: .\save 
[ 2022-05-05 15:03:11,935, INFO] db_dir: .\db 
[ 2022-05-05 15:03:11,935, INFO] export_dir: .\export 
[ 2022-05-05 15:03:11,935, INFO] img_dir: .\img 
[ 2022-05-05 15:03:36,957, INFO] file: C:\Users\f.faccia\Downloads\0187123456.pdf, operazione: upload
[ 2022-05-05 15:03:36,981, DEBUG] Starting new HTTPS connection (1): sap-cloud-foundry-prod-5dq3rn9x.it-cpi018-rt.cfapps.eu10-003.hana.ondemand.com:443
[ 2022-05-05 15:03:37,201, DEBUG] https://sap-cloud-foundry-prod-5dq3rn9x.it-cpi018-rt.cfapps.eu10-003.hana.ondemand.com:443 "GET /http/CEVA/InsertAttachment HTTP/1.1" 200 0
[ 2022-05-05 15:03:37,203, ERROR] token: PeaAZ-BXgL_3wg7xewJBQ8354h1EmWkT
[ 2022-05-05 15:03:37,204, ERROR] {'X-CSRF-token': 'PeaAZ-BXgL_3wg7xewJBQ8354h1EmWkT', 'Authorization': 'Basic c2ItOTY3YzM0YTMtYmJjNi00YTljLWFkYzUtOTQ5ODVhNjg3MjU4IWIxMzgxNDV8aXQtcnQtc2FwLWNsb3VkLWZvdW5kcnktcHJvZC01ZHEzcm45eCFiMTE3OTEyOjg3YTI5Y2Q4LTIxOWEtNDY4Yy1iMWZlLWE5NDA0NDk1MDVmYiRQa0pEbVNHZ1VZeHFSeEFpLTgwTDE3SF82OWtUMmlVdWp1S2k5RGRWMjVBPQ==', 'Accept': 'application/json', 'Content-Type': 'application/json'}
[ 2022-05-05 15:03:37,206, DEBUG] Starting new HTTPS connection (1): sap-cloud-foundry-prod-5dq3rn9x.it-cpi018-rt.cfapps.eu10-003.hana.ondemand.com:443
[ 2022-05-05 15:03:37,504, DEBUG] https://sap-cloud-foundry-prod-5dq3rn9x.it-cpi018-rt.cfapps.eu10-003.hana.ondemand.com:443 "POST /http/CEVA/InsertAttachment HTTP/1.1" 403 431
[ 2022-05-05 15:03:39,930, ERROR] Error post call for sending file 0187123456! status_code: 403 
[ 2022-05-05 15:03:41,442, INFO] logfile deleted C:\Users\f.faccia\Documenti\sviluppo\python\postexe\responses\080007952.response
[ 2022-05-05 15:04:16,929, INFO] START PROGRAM
[ 2022-05-05 15:04:16,929, INFO] logs_dir: .\logs 
[ 2022-05-05 15:04:16,929, INFO] save_dir: .\save 
[ 2022-05-05 15:04:16,929, INFO] db_dir: .\db 
[ 2022-05-05 15:04:16,929, INFO] export_dir: .\export 
[ 2022-05-05 15:04:16,930, INFO] img_dir: .\img 
[ 2022-05-05 15:04:26,005, INFO] file: C:\Users\f.faccia\Downloads\080000053.pdf, operazione: upload
[ 2022-05-05 15:04:26,018, DEBUG] Starting new HTTPS connection (1): sap-cloud-foundry-prod-5dq3rn9x.it-cpi018-rt.cfapps.eu10-003.hana.ondemand.com:443
[ 2022-05-05 15:04:26,519, DEBUG] https://sap-cloud-foundry-prod-5dq3rn9x.it-cpi018-rt.cfapps.eu10-003.hana.ondemand.com:443 "GET /http/CEVA/InsertAttachment HTTP/1.1" 401 0
[ 2022-05-05 15:04:29,175, ERROR] Error get call for retrieving Token! status_code != 200: 401!
[ 2022-05-05 15:05:13,968, INFO] START PROGRAM
[ 2022-05-05 15:05:13,968, INFO] logs_dir: .\logs 
[ 2022-05-05 15:05:13,968, INFO] save_dir: .\save 
[ 2022-05-05 15:05:13,968, INFO] db_dir: .\db 
[ 2022-05-05 15:05:13,968, INFO] export_dir: .\export 
[ 2022-05-05 15:05:13,968, INFO] img_dir: .\img 
[ 2022-05-05 15:05:21,099, INFO] file: C:\Users\f.faccia\Downloads\080000054.pdf, operazione: upload
[ 2022-05-05 15:05:21,117, DEBUG] Starting new HTTPS connection (1): sap-cloud-foundry-prod-5dq3rn9x.it-cpi018-rt.cfapps.eu10-003.hana.ondemand.com:443
[ 2022-05-05 15:05:21,361, DEBUG] https://sap-cloud-foundry-prod-5dq3rn9x.it-cpi018-rt.cfapps.eu10-003.hana.ondemand.com:443 "GET /http/CEVA/InsertAttachment HTTP/1.1" 200 0
[ 2022-05-05 15:05:21,368, ERROR] token: G1zRNPRpUniLVpSV-P11-Ok62ogYXSsD
[ 2022-05-05 15:05:21,369, ERROR] {'X-CSRF-token': 'G1zRNPRpUniLVpSV-P11-Ok62ogYXSsD', 'Authorization': 'Basic c2ItOTY3YzM0YTMtYmJjNi00YTljLWFkYzUtOTQ5ODVhNjg3MjU4IWIxMzgxNDV8aXQtcnQtc2FwLWNsb3VkLWZvdW5kcnktcHJvZC01ZHEzcm45eCFiMTE3OTEyOjg3YTI5Y2Q4LTIxOWEtNDY4Yy1iMWZlLWE5NDA0NDk1MDVmYiRQa0pEbVNHZ1VZeHFSeEFpLTgwTDE3SF82OWtUMmlVdWp1S2k5RGRWMjVBPQ==', 'Accept': 'application/json', 'Content-Type': 'application/json'}
[ 2022-05-05 15:05:21,376, DEBUG] Starting new HTTPS connection (1): sap-cloud-foundry-prod-5dq3rn9x.it-cpi018-rt.cfapps.eu10-003.hana.ondemand.com:443
[ 2022-05-05 15:05:21,571, DEBUG] https://sap-cloud-foundry-prod-5dq3rn9x.it-cpi018-rt.cfapps.eu10-003.hana.ondemand.com:443 "POST /http/CEVA/InsertAttachment HTTP/1.1" 403 431
[ 2022-05-05 15:05:31,416, ERROR] Error post call for sending file 080000054! status_code: 403 
[ 2022-05-05 15:07:12,625, INFO] START PROGRAM
[ 2022-05-05 15:07:12,625, INFO] logs_dir: .\logs 
[ 2022-05-05 15:07:12,625, INFO] save_dir: .\save 
[ 2022-05-05 15:07:12,626, INFO] db_dir: .\db 
[ 2022-05-05 15:07:12,626, INFO] export_dir: .\export 
[ 2022-05-05 15:07:12,626, INFO] img_dir: .\img 
[ 2022-05-05 15:07:19,629, INFO] file: C:\Users\f.faccia\Downloads\080000054.pdf, operazione: upload
[ 2022-05-05 15:07:19,634, DEBUG] Starting new HTTPS connection (1): sap-cloud-foundry-prod-5dq3rn9x.it-cpi018-rt.cfapps.eu10-003.hana.ondemand.com:443
[ 2022-05-05 15:07:19,799, DEBUG] https://sap-cloud-foundry-prod-5dq3rn9x.it-cpi018-rt.cfapps.eu10-003.hana.ondemand.com:443 "GET /http/CEVA/InsertAttachment HTTP/1.1" 200 0
[ 2022-05-05 15:07:19,801, ERROR] token: mkMDXupaluaDxyx_GPesNBkylSKJX5xy
[ 2022-05-05 15:07:19,801, ERROR] {'X-CSRF-token': 'mkMDXupaluaDxyx_GPesNBkylSKJX5xy', 'Authorization': 'Basic c2ItOTY3YzM0YTMtYmJjNi00YTljLWFkYzUtOTQ5ODVhNjg3MjU4IWIxMzgxNDV8aXQtcnQtc2FwLWNsb3VkLWZvdW5kcnktcHJvZC01ZHEzcm45eCFiMTE3OTEyOjg3YTI5Y2Q4LTIxOWEtNDY4Yy1iMWZlLWE5NDA0NDk1MDVmYiRQa0pEbVNHZ1VZeHFSeEFpLTgwTDE3SF82OWtUMmlVdWp1S2k5RGRWMjVBPQ==', 'Accept': 'application/json', 'Content-Type': 'application/json'}
[ 2022-05-05 15:07:19,803, DEBUG] Starting new HTTPS connection (1): sap-cloud-foundry-prod-5dq3rn9x.it-cpi018-rt.cfapps.eu10-003.hana.ondemand.com:443
[ 2022-05-05 15:07:20,003, DEBUG] https://sap-cloud-foundry-prod-5dq3rn9x.it-cpi018-rt.cfapps.eu10-003.hana.ondemand.com:443 "POST /http/CEVA/InsertAttachment HTTP/1.1" 403 431
[ 2022-05-05 15:09:53,279, ERROR] Error post call for sending file 080000054! status_code: 403 
[ 2022-05-05 15:09:59,250, INFO] START PROGRAM
[ 2022-05-05 15:09:59,251, INFO] logs_dir: .\logs 
[ 2022-05-05 15:09:59,251, INFO] save_dir: .\save 
[ 2022-05-05 15:09:59,251, INFO] db_dir: .\db 
[ 2022-05-05 15:09:59,251, INFO] export_dir: .\export 
[ 2022-05-05 15:09:59,251, INFO] img_dir: .\img 
[ 2022-05-05 15:10:07,051, INFO] file: C:\Users\f.faccia\Downloads\080000053.pdf, operazione: upload
[ 2022-05-05 15:10:07,057, DEBUG] Starting new HTTPS connection (1): sap-cloud-foundry-dev-qua-fauoq769.it-cpi018-rt.cfapps.eu10-003.hana.ondemand.com:443
[ 2022-05-05 15:10:07,676, DEBUG] https://sap-cloud-foundry-dev-qua-fauoq769.it-cpi018-rt.cfapps.eu10-003.hana.ondemand.com:443 "GET /http/CEVA/InsertAttachment HTTP/1.1" 200 0
[ 2022-05-05 15:10:07,677, ERROR] token: 6pvQJ87FiHRAlNTj2ZJRMWOqk9xlOGHR
[ 2022-05-05 15:10:07,678, ERROR] {'X-CSRF-token': '6pvQJ87FiHRAlNTj2ZJRMWOqk9xlOGHR', 'Authorization': 'Basic c2ItMTEzYmJiNTktNDhkYy00ZjU4LTlhOWUtNjZkYmJiM2NkYmZiIWIxMzE0NjR8aXQtcnQtc2FwLWNsb3VkLWZvdW5kcnktZGV2LXF1YS1mYXVvcTc2OSFiMTE3OTEyOjBlNmI4MGU5LTMyNmEtNDhkYy04YTVhLWRkZDYxMTgyMWZiZiRCUEhHOFcwWlZKaVQyT0VWNUp3NzQ0VEpOSDMwMzJ5ZFVaT2U4YnMtcl9RPQ==', 'Accept': 'application/json', 'Content-Type': 'application/json'}
[ 2022-05-05 15:10:07,679, DEBUG] Starting new HTTPS connection (1): sap-cloud-foundry-dev-qua-fauoq769.it-cpi018-rt.cfapps.eu10-003.hana.ondemand.com:443
[ 2022-05-05 15:10:12,126, DEBUG] https://sap-cloud-foundry-dev-qua-fauoq769.it-cpi018-rt.cfapps.eu10-003.hana.ondemand.com:443 "POST /http/CEVA/InsertAttachment HTTP/1.1" 400 None
[ 2022-05-05 15:10:15,269, ERROR] Error post call for sending file 080000053! status_code: 400 
[ 2022-05-05 15:10:20,617, ERROR] upload failed for File 080000053.pdf. status_code: 400!codice errore: ZCEVA_ATTACH/003message: Allegato già acquisitoerrordetails: {'errordetail': {'code': 'ZCEVA_ATTACH/003', 'message': 'Allegato già acquisito'}}
[ 2022-05-05 15:24:14,941, INFO] file: C:\Users\f.faccia\Downloads\080000054.pdf, operazione: upload
[ 2022-05-05 15:24:14,944, DEBUG] Starting new HTTPS connection (1): sap-cloud-foundry-dev-qua-fauoq769.it-cpi018-rt.cfapps.eu10-003.hana.ondemand.com:443
[ 2022-05-05 15:24:15,121, DEBUG] https://sap-cloud-foundry-dev-qua-fauoq769.it-cpi018-rt.cfapps.eu10-003.hana.ondemand.com:443 "GET /http/CEVA/InsertAttachment HTTP/1.1" 200 0
[ 2022-05-05 15:24:15,122, ERROR] token: rrVMhY66_cAk-maSjgr6vU1SDdKyS973
[ 2022-05-05 15:24:15,123, ERROR] {'X-CSRF-token': 'rrVMhY66_cAk-maSjgr6vU1SDdKyS973', 'Authorization': 'Basic c2ItMTEzYmJiNTktNDhkYy00ZjU4LTlhOWUtNjZkYmJiM2NkYmZiIWIxMzE0NjR8aXQtcnQtc2FwLWNsb3VkLWZvdW5kcnktZGV2LXF1YS1mYXVvcTc2OSFiMTE3OTEyOjBlNmI4MGU5LTMyNmEtNDhkYy04YTVhLWRkZDYxMTgyMWZiZiRCUEhHOFcwWlZKaVQyT0VWNUp3NzQ0VEpOSDMwMzJ5ZFVaT2U4YnMtcl9RPQ==', 'Accept': 'application/json', 'Content-Type': 'application/json'}
[ 2022-05-05 15:24:15,124, DEBUG] Starting new HTTPS connection (1): sap-cloud-foundry-dev-qua-fauoq769.it-cpi018-rt.cfapps.eu10-003.hana.ondemand.com:443
[ 2022-05-05 15:24:20,124, DEBUG] https://sap-cloud-foundry-dev-qua-fauoq769.it-cpi018-rt.cfapps.eu10-003.hana.ondemand.com:443 "POST /http/CEVA/InsertAttachment HTTP/1.1" 201 None
[ 2022-05-05 15:24:22,899, ERROR] upload Successfull for File 080000054.pdf. status_code: 201!
[ 2022-05-05 16:03:09,146, INFO] file: C:\Users\f.faccia\Downloads\080000053.pdf, operazione: remove
[ 2022-05-05 16:03:09,146, INFO] {'vbeln': '080000053', 'nomefile': '080000053.pdf', 'tipo': 'DDT'} 
[ 2022-05-05 16:03:09,148, DEBUG] Starting new HTTPS connection (1): sap-cloud-foundry-dev-qua-fauoq769.it-cpi018-rt.cfapps.eu10-003.hana.ondemand.com:443
[ 2022-05-05 16:03:09,317, DEBUG] https://sap-cloud-foundry-dev-qua-fauoq769.it-cpi018-rt.cfapps.eu10-003.hana.ondemand.com:443 "GET /http/CEVA/DeleteAttachment HTTP/1.1" 200 0
[ 2022-05-05 16:03:09,319, ERROR] token: G2NSdh3-BC2v-V67ueCZcP2p_BDSHLhF
[ 2022-05-05 16:03:09,319, ERROR] {'X-CSRF-token': 'G2NSdh3-BC2v-V67ueCZcP2p_BDSHLhF', 'Authorization': 'Basic c2ItMTEzYmJiNTktNDhkYy00ZjU4LTlhOWUtNjZkYmJiM2NkYmZiIWIxMzE0NjR8aXQtcnQtc2FwLWNsb3VkLWZvdW5kcnktZGV2LXF1YS1mYXVvcTc2OSFiMTE3OTEyOjBlNmI4MGU5LTMyNmEtNDhkYy04YTVhLWRkZDYxMTgyMWZiZiRCUEhHOFcwWlZKaVQyT0VWNUp3NzQ0VEpOSDMwMzJ5ZFVaT2U4YnMtcl9RPQ==', 'Accept': 'application/json', 'Content-Type': 'application/json'}
[ 2022-05-05 16:03:09,320, DEBUG] Starting new HTTPS connection (1): sap-cloud-foundry-dev-qua-fauoq769.it-cpi018-rt.cfapps.eu10-003.hana.ondemand.com:443
[ 2022-05-05 16:03:15,208, DEBUG] https://sap-cloud-foundry-dev-qua-fauoq769.it-cpi018-rt.cfapps.eu10-003.hana.ondemand.com:443 "DELETE /http/CEVA/DeleteAttachment HTTP/1.1" 204 0
[ 2022-05-05 16:03:16,941, ERROR] remove Successfull for File 080000053.pdf. status_code: 204!
[ 2022-05-05 16:14:07,674, INFO] logfile deleted C:\Users\f.faccia\Documenti\sviluppo\python\postexe\save\080000055.pdf
[ 2022-05-05 16:14:11,484, INFO] START PROGRAM
[ 2022-05-05 16:14:11,484, INFO] logs_dir: .\logs 
[ 2022-05-05 16:14:11,484, INFO] save_dir: .\save 
[ 2022-05-05 16:14:11,484, INFO] db_dir: .\db 
[ 2022-05-05 16:14:11,484, INFO] export_dir: .\export 
[ 2022-05-05 16:14:11,484, INFO] img_dir: .\img 
[ 2022-05-05 16:14:18,926, INFO] file: C:\Users\f.faccia\Downloads\080000053.pdf, operazione: upload
[ 2022-05-05 16:14:18,935, DEBUG] Starting new HTTPS connection (1): sap-cloud-foundry-prod-5dq3rn9x.it-cpi018-rt.cfapps.eu10-003.hana.ondemand.com:443
[ 2022-05-05 16:14:19,189, DEBUG] https://sap-cloud-foundry-prod-5dq3rn9x.it-cpi018-rt.cfapps.eu10-003.hana.ondemand.com:443 "GET /http/CEVA/InsertAttachment HTTP/1.1" 200 0
[ 2022-05-05 16:14:19,191, ERROR] token: 2Xs9EiS1lRro0JzApZ4AwejQBHwaNVY3
[ 2022-05-05 16:14:19,191, ERROR] {'X-CSRF-token': '2Xs9EiS1lRro0JzApZ4AwejQBHwaNVY3', 'Authorization': 'Basic c2ItOTY3YzM0YTMtYmJjNi00YTljLWFkYzUtOTQ5ODVhNjg3MjU4IWIxMzgxNDV8aXQtcnQtc2FwLWNsb3VkLWZvdW5kcnktcHJvZC01ZHEzcm45eCFiMTE3OTEyOjg3YTI5Y2Q4LTIxOWEtNDY4Yy1iMWZlLWE5NDA0NDk1MDVmYiRQa0pEbVNHZ1VZeHFSeEFpLTgwTDE3SF82OWtUMmlVdWp1S2k5RGRWMjVBPQ==', 'Accept': 'application/json', 'Content-Type': 'application/json'}
[ 2022-05-05 16:14:19,194, DEBUG] Starting new HTTPS connection (1): sap-cloud-foundry-prod-5dq3rn9x.it-cpi018-rt.cfapps.eu10-003.hana.ondemand.com:443
[ 2022-05-05 16:14:19,391, DEBUG] https://sap-cloud-foundry-prod-5dq3rn9x.it-cpi018-rt.cfapps.eu10-003.hana.ondemand.com:443 "POST /http/CEVA/InsertAttachment HTTP/1.1" 403 431
[ 2022-05-05 16:14:21,311, ERROR] Error post call for sending file 080000053! status_code: 403 
[ 2022-05-05 16:24:00,240, INFO] file: C:\Users\f.faccia\Downloads\080000053.pdf, operazione: upload
[ 2022-05-05 16:24:00,243, DEBUG] Starting new HTTPS connection (1): sap-cloud-foundry-prod-5dq3rn9x.it-cpi018-rt.cfapps.eu10-003.hana.ondemand.com:443
[ 2022-05-05 16:24:00,392, DEBUG] https://sap-cloud-foundry-prod-5dq3rn9x.it-cpi018-rt.cfapps.eu10-003.hana.ondemand.com:443 "GET /http/CEVA/InsertAttachment HTTP/1.1" 200 0
[ 2022-05-05 16:24:00,393, ERROR] token: p5M1igTvplWNFeRIplmGRv31CkYjdd6w
[ 2022-05-05 16:24:00,393, ERROR] {'X-CSRF-token': 'p5M1igTvplWNFeRIplmGRv31CkYjdd6w', 'Authorization': 'Basic c2ItOTY3YzM0YTMtYmJjNi00YTljLWFkYzUtOTQ5ODVhNjg3MjU4IWIxMzgxNDV8aXQtcnQtc2FwLWNsb3VkLWZvdW5kcnktcHJvZC01ZHEzcm45eCFiMTE3OTEyOjg3YTI5Y2Q4LTIxOWEtNDY4Yy1iMWZlLWE5NDA0NDk1MDVmYiRQa0pEbVNHZ1VZeHFSeEFpLTgwTDE3SF82OWtUMmlVdWp1S2k5RGRWMjVBPQ==', 'Accept': 'application/json', 'Content-Type': 'application/json'}
[ 2022-05-05 16:24:00,396, DEBUG] Starting new HTTPS connection (1): sap-cloud-foundry-prod-5dq3rn9x.it-cpi018-rt.cfapps.eu10-003.hana.ondemand.com:443
[ 2022-05-05 16:24:00,571, DEBUG] https://sap-cloud-foundry-prod-5dq3rn9x.it-cpi018-rt.cfapps.eu10-003.hana.ondemand.com:443 "POST /http/CEVA/InsertAttachment HTTP/1.1" 403 431
[ 2022-05-05 16:24:03,159, ERROR] Error post call for sending file 080000053! status_code: 403 
[ 2022-05-05 16:26:27,457, INFO] file: C:\Users\f.faccia\Downloads\080000053.pdf, operazione: remove
[ 2022-05-05 16:26:27,459, INFO] {'vbeln': '080000053', 'nomefile': '080000053.pdf', 'tipo': 'DDT'} 
[ 2022-05-05 16:26:27,461, DEBUG] Starting new HTTPS connection (1): sap-cloud-foundry-prod-5dq3rn9x.it-cpi018-rt.cfapps.eu10-003.hana.ondemand.com:443
[ 2022-05-05 16:26:27,671, DEBUG] https://sap-cloud-foundry-prod-5dq3rn9x.it-cpi018-rt.cfapps.eu10-003.hana.ondemand.com:443 "GET /http/CEVA/DeleteAttachment HTTP/1.1" 200 0
[ 2022-05-05 16:26:27,672, ERROR] token: cEamqjRBJ95DIss1rGgDwu6BINhxBArw
[ 2022-05-05 16:26:27,673, ERROR] {'X-CSRF-token': 'cEamqjRBJ95DIss1rGgDwu6BINhxBArw', 'Authorization': 'Basic c2ItOTY3YzM0YTMtYmJjNi00YTljLWFkYzUtOTQ5ODVhNjg3MjU4IWIxMzgxNDV8aXQtcnQtc2FwLWNsb3VkLWZvdW5kcnktcHJvZC01ZHEzcm45eCFiMTE3OTEyOjg3YTI5Y2Q4LTIxOWEtNDY4Yy1iMWZlLWE5NDA0NDk1MDVmYiRQa0pEbVNHZ1VZeHFSeEFpLTgwTDE3SF82OWtUMmlVdWp1S2k5RGRWMjVBPQ==', 'Accept': 'application/json', 'Content-Type': 'application/json'}
[ 2022-05-05 16:26:27,674, DEBUG] Starting new HTTPS connection (1): sap-cloud-foundry-prod-5dq3rn9x.it-cpi018-rt.cfapps.eu10-003.hana.ondemand.com:443
[ 2022-05-05 16:26:27,816, DEBUG] https://sap-cloud-foundry-prod-5dq3rn9x.it-cpi018-rt.cfapps.eu10-003.hana.ondemand.com:443 "DELETE /http/CEVA/DeleteAttachment HTTP/1.1" 403 431
[ 2022-05-05 16:26:30,125, ERROR] Error post call for sending file 080000053! status_code: 403 
[ 2022-05-05 16:30:47,056, INFO] START PROGRAM
[ 2022-05-05 16:30:47,056, INFO] logs_dir: .\logs 
[ 2022-05-05 16:30:47,056, INFO] save_dir: .\save 
[ 2022-05-05 16:30:47,056, INFO] db_dir: .\db 
[ 2022-05-05 16:30:47,056, INFO] export_dir: .\export 
[ 2022-05-05 16:30:47,056, INFO] img_dir: .\img 
[ 2022-05-05 16:30:57,348, INFO] file: C:\Users\f.faccia\Downloads\080000054.pdf, operazione: upload
[ 2022-05-05 16:30:57,357, DEBUG] Starting new HTTPS connection (1): sap-cloud-foundry-prod-5dq3rn9x.it-cpi018-rt.cfapps.eu10-003.hana.ondemand.com:443
[ 2022-05-05 16:30:57,499, DEBUG] https://sap-cloud-foundry-prod-5dq3rn9x.it-cpi018-rt.cfapps.eu10-003.hana.ondemand.com:443 "GET /http/CEVA/InsertAttachment HTTP/1.1" 200 0
[ 2022-05-05 16:30:57,500, ERROR] token: uJZFV7cdNLI-uewG0jZaEs9dLx4MfkvV
[ 2022-05-05 16:30:57,501, ERROR] {'X-CSRF-token': 'uJZFV7cdNLI-uewG0jZaEs9dLx4MfkvV', 'Authorization': 'Basic c2ItOTY3YzM0YTMtYmJjNi00YTljLWFkYzUtOTQ5ODVhNjg3MjU4IWIxMzgxNDV8aXQtcnQtc2FwLWNsb3VkLWZvdW5kcnktcHJvZC01ZHEzcm45eCFiMTE3OTEyOjg3YTI5Y2Q4LTIxOWEtNDY4Yy1iMWZlLWE5NDA0NDk1MDVmYiRQa0pEbVNHZ1VZeHFSeEFpLTgwTDE3SF82OWtUMmlVdWp1S2k5RGRWMjVBPQ==', 'Accept': 'application/json', 'Content-Type': 'application/json'}
[ 2022-05-05 16:30:57,502, DEBUG] Starting new HTTPS connection (1): sap-cloud-foundry-prod-5dq3rn9x.it-cpi018-rt.cfapps.eu10-003.hana.ondemand.com:443
[ 2022-05-05 16:30:57,676, DEBUG] https://sap-cloud-foundry-prod-5dq3rn9x.it-cpi018-rt.cfapps.eu10-003.hana.ondemand.com:443 "POST /http/CEVA/InsertAttachment HTTP/1.1" 403 431
[ 2022-05-05 16:31:00,515, ERROR] Error post call for sending file 080000054! status_code: 403 
[ 2022-05-05 17:10:11,071, INFO] START PROGRAM
[ 2022-05-05 17:10:11,071, INFO] logs_dir: .\logs 
[ 2022-05-05 17:10:11,071, INFO] save_dir: .\save 
[ 2022-05-05 17:10:11,071, INFO] db_dir: .\db 
[ 2022-05-05 17:10:11,071, INFO] export_dir: .\export 
[ 2022-05-05 17:10:11,071, INFO] img_dir: .\img 
[ 2022-05-05 17:10:18,535, INFO] file: C:\Users\f.faccia\Downloads\080000054.pdf, operazione: upload
[ 2022-05-05 17:10:18,544, DEBUG] Starting new HTTPS connection (1): sap-cloud-foundry-dev-qua-fauoq769.it-cpi018-rt.cfapps.eu10-003.hana.ondemand.com:443
[ 2022-05-05 17:10:20,032, DEBUG] https://sap-cloud-foundry-dev-qua-fauoq769.it-cpi018-rt.cfapps.eu10-003.hana.ondemand.com:443 "GET /http/CEVA/InsertAttachment HTTP/1.1" 200 0
[ 2022-05-05 17:10:20,034, ERROR] token: RLG1i3a0_nCM7GZDqqcrGL2efAkBBPHK
[ 2022-05-05 17:10:20,034, ERROR] {'X-CSRF-token': 'RLG1i3a0_nCM7GZDqqcrGL2efAkBBPHK', 'Authorization': 'Basic c2ItMTEzYmJiNTktNDhkYy00ZjU4LTlhOWUtNjZkYmJiM2NkYmZiIWIxMzE0NjR8aXQtcnQtc2FwLWNsb3VkLWZvdW5kcnktZGV2LXF1YS1mYXVvcTc2OSFiMTE3OTEyOjBlNmI4MGU5LTMyNmEtNDhkYy04YTVhLWRkZDYxMTgyMWZiZiRCUEhHOFcwWlZKaVQyT0VWNUp3NzQ0VEpOSDMwMzJ5ZFVaT2U4YnMtcl9RPQ==', 'Accept': 'application/json', 'Content-Type': 'application/json'}
[ 2022-05-05 17:10:20,036, DEBUG] Starting new HTTPS connection (1): sap-cloud-foundry-dev-qua-fauoq769.it-cpi018-rt.cfapps.eu10-003.hana.ondemand.com:443
[ 2022-05-05 17:10:21,929, DEBUG] https://sap-cloud-foundry-dev-qua-fauoq769.it-cpi018-rt.cfapps.eu10-003.hana.ondemand.com:443 "POST /http/CEVA/InsertAttachment HTTP/1.1" 400 None
[ 2022-05-05 17:10:26,379, ERROR] Error post call for sending file 080000054! status_code: 400 
[ 2022-05-05 17:10:27,460, ERROR] upload failed for File 080000054.pdf. status_code: 400!codice errore: ZCEVA_ATTACH/003message: Allegato già acquisitoerrordetails: {'errordetail': {'code': 'ZCEVA_ATTACH/003', 'message': 'Allegato già acquisito'}}
[ 2022-05-05 17:11:11,181, INFO] START PROGRAM
[ 2022-05-05 17:11:11,181, INFO] logs_dir: .\logs 
[ 2022-05-05 17:11:11,181, INFO] save_dir: .\save 
[ 2022-05-05 17:11:11,181, INFO] db_dir: .\db 
[ 2022-05-05 17:11:11,181, INFO] export_dir: .\export 
[ 2022-05-05 17:11:11,181, INFO] img_dir: .\img 
[ 2022-05-05 17:11:17,785, INFO] file: C:\Users\f.faccia\Downloads\080000054.pdf, operazione: remove
[ 2022-05-05 17:11:17,785, INFO] {'vbeln': '080000054', 'nomefile': '080000054.pdf', 'tipo': 'DDT'} 
[ 2022-05-05 17:11:17,790, DEBUG] Starting new HTTPS connection (1): sap-cloud-foundry-prod-5dq3rn9x.it-cpi018-rt.cfapps.eu10-003.hana.ondemand.com:443
[ 2022-05-05 17:11:17,958, DEBUG] https://sap-cloud-foundry-prod-5dq3rn9x.it-cpi018-rt.cfapps.eu10-003.hana.ondemand.com:443 "GET /http/CEVA/DeleteAttachment HTTP/1.1" 200 0
[ 2022-05-05 17:11:17,959, ERROR] token: XK0m50QFwFGbKpKg1hdavGSxIe7NlrYP
[ 2022-05-05 17:11:17,960, ERROR] {'X-CSRF-token': 'XK0m50QFwFGbKpKg1hdavGSxIe7NlrYP', 'Authorization': 'Basic c2ItOTY3YzM0YTMtYmJjNi00YTljLWFkYzUtOTQ5ODVhNjg3MjU4IWIxMzgxNDV8aXQtcnQtc2FwLWNsb3VkLWZvdW5kcnktcHJvZC01ZHEzcm45eCFiMTE3OTEyOjg3YTI5Y2Q4LTIxOWEtNDY4Yy1iMWZlLWE5NDA0NDk1MDVmYiRQa0pEbVNHZ1VZeHFSeEFpLTgwTDE3SF82OWtUMmlVdWp1S2k5RGRWMjVBPQ==', 'Accept': 'application/json', 'Content-Type': 'application/json'}
[ 2022-05-05 17:11:17,961, DEBUG] Starting new HTTPS connection (1): sap-cloud-foundry-prod-5dq3rn9x.it-cpi018-rt.cfapps.eu10-003.hana.ondemand.com:443
[ 2022-05-05 17:11:18,098, DEBUG] https://sap-cloud-foundry-prod-5dq3rn9x.it-cpi018-rt.cfapps.eu10-003.hana.ondemand.com:443 "DELETE /http/CEVA/DeleteAttachment HTTP/1.1" 403 431
[ 2022-05-05 17:11:19,420, ERROR] Error post call for sending file 080000054! status_code: 403 
[ 2022-05-05 17:11:26,112, INFO] file: C:\Users\f.faccia\Downloads\080000054.pdf, operazione: upload
[ 2022-05-05 17:11:26,115, DEBUG] Starting new HTTPS connection (1): sap-cloud-foundry-prod-5dq3rn9x.it-cpi018-rt.cfapps.eu10-003.hana.ondemand.com:443
[ 2022-05-05 17:11:26,249, DEBUG] https://sap-cloud-foundry-prod-5dq3rn9x.it-cpi018-rt.cfapps.eu10-003.hana.ondemand.com:443 "GET /http/CEVA/InsertAttachment HTTP/1.1" 200 0
[ 2022-05-05 17:11:26,250, ERROR] token: lgJzkv7s5WHP7EJwAjPxrUH3CMz9xy5u
[ 2022-05-05 17:11:26,251, ERROR] {'X-CSRF-token': 'lgJzkv7s5WHP7EJwAjPxrUH3CMz9xy5u', 'Authorization': 'Basic c2ItOTY3YzM0YTMtYmJjNi00YTljLWFkYzUtOTQ5ODVhNjg3MjU4IWIxMzgxNDV8aXQtcnQtc2FwLWNsb3VkLWZvdW5kcnktcHJvZC01ZHEzcm45eCFiMTE3OTEyOjg3YTI5Y2Q4LTIxOWEtNDY4Yy1iMWZlLWE5NDA0NDk1MDVmYiRQa0pEbVNHZ1VZeHFSeEFpLTgwTDE3SF82OWtUMmlVdWp1S2k5RGRWMjVBPQ==', 'Accept': 'application/json', 'Content-Type': 'application/json'}
[ 2022-05-05 17:11:26,252, DEBUG] Starting new HTTPS connection (1): sap-cloud-foundry-prod-5dq3rn9x.it-cpi018-rt.cfapps.eu10-003.hana.ondemand.com:443
[ 2022-05-05 17:11:26,431, DEBUG] https://sap-cloud-foundry-prod-5dq3rn9x.it-cpi018-rt.cfapps.eu10-003.hana.ondemand.com:443 "POST /http/CEVA/InsertAttachment HTTP/1.1" 403 431
[ 2022-05-05 17:11:27,852, ERROR] Error post call for sending file 080000054! status_code: 403 
[ 2022-05-05 17:11:32,503, INFO] file: C:\Users\f.faccia\Downloads\080000053.pdf, operazione: upload
[ 2022-05-05 17:11:32,507, DEBUG] Starting new HTTPS connection (1): sap-cloud-foundry-prod-5dq3rn9x.it-cpi018-rt.cfapps.eu10-003.hana.ondemand.com:443
[ 2022-05-05 17:11:32,639, DEBUG] https://sap-cloud-foundry-prod-5dq3rn9x.it-cpi018-rt.cfapps.eu10-003.hana.ondemand.com:443 "GET /http/CEVA/InsertAttachment HTTP/1.1" 200 0
[ 2022-05-05 17:11:32,641, ERROR] token: YGAsyBYduKfqNGCxeYZZqXMg1JtM0Usf
[ 2022-05-05 17:11:32,641, ERROR] {'X-CSRF-token': 'YGAsyBYduKfqNGCxeYZZqXMg1JtM0Usf', 'Authorization': 'Basic c2ItOTY3YzM0YTMtYmJjNi00YTljLWFkYzUtOTQ5ODVhNjg3MjU4IWIxMzgxNDV8aXQtcnQtc2FwLWNsb3VkLWZvdW5kcnktcHJvZC01ZHEzcm45eCFiMTE3OTEyOjg3YTI5Y2Q4LTIxOWEtNDY4Yy1iMWZlLWE5NDA0NDk1MDVmYiRQa0pEbVNHZ1VZeHFSeEFpLTgwTDE3SF82OWtUMmlVdWp1S2k5RGRWMjVBPQ==', 'Accept': 'application/json', 'Content-Type': 'application/json'}
[ 2022-05-05 17:11:32,642, DEBUG] Starting new HTTPS connection (1): sap-cloud-foundry-prod-5dq3rn9x.it-cpi018-rt.cfapps.eu10-003.hana.ondemand.com:443
[ 2022-05-05 17:11:32,828, DEBUG] https://sap-cloud-foundry-prod-5dq3rn9x.it-cpi018-rt.cfapps.eu10-003.hana.ondemand.com:443 "POST /http/CEVA/InsertAttachment HTTP/1.1" 403 431
[ 2022-05-05 17:11:34,076, ERROR] Error post call for sending file 080000053! status_code: 403 
[ 2022-05-05 18:23:20,788, INFO] START PROGRAM
[ 2022-05-05 18:23:20,788, INFO] logs_dir: .\logs 
[ 2022-05-05 18:23:20,788, INFO] save_dir: .\save 
[ 2022-05-05 18:23:20,788, INFO] db_dir: .\db 
[ 2022-05-05 18:23:20,788, INFO] export_dir: .\export 
[ 2022-05-05 18:23:20,788, INFO] img_dir: .\img 
[ 2022-05-05 18:23:27,739, INFO] file: C:\Users\f.faccia\Downloads\080000053.pdf, operazione: upload
[ 2022-05-05 18:23:27,760, DEBUG] Starting new HTTPS connection (1): sap-cloud-foundry-prod-5dq3rn9x.it-cpi018-rt.cfapps.eu10-003.hana.ondemand.com:443
[ 2022-05-05 18:23:27,930, DEBUG] https://sap-cloud-foundry-prod-5dq3rn9x.it-cpi018-rt.cfapps.eu10-003.hana.ondemand.com:443 "GET /http/CEVA/InsertAttachment HTTP/1.1" 200 0
[ 2022-05-05 18:23:27,932, ERROR] token: J5lOjfhocV6aZHKad3ZMEWwuZ58Z2e7P
[ 2022-05-05 18:23:27,932, ERROR] {'X-CSRF-token': 'J5lOjfhocV6aZHKad3ZMEWwuZ58Z2e7P', 'Authorization': 'Basic c2ItOTY3YzM0YTMtYmJjNi00YTljLWFkYzUtOTQ5ODVhNjg3MjU4IWIxMzgxNDV8aXQtcnQtc2FwLWNsb3VkLWZvdW5kcnktcHJvZC01ZHEzcm45eCFiMTE3OTEyOjg3YTI5Y2Q4LTIxOWEtNDY4Yy1iMWZlLWE5NDA0NDk1MDVmYiRQa0pEbVNHZ1VZeHFSeEFpLTgwTDE3SF82OWtUMmlVdWp1S2k5RGRWMjVBPQ==', 'Accept': 'application/json', 'Content-Type': 'application/json'}
[ 2022-05-05 18:23:27,933, DEBUG] Starting new HTTPS connection (1): sap-cloud-foundry-prod-5dq3rn9x.it-cpi018-rt.cfapps.eu10-003.hana.ondemand.com:443
[ 2022-05-05 18:23:30,717, DEBUG] https://sap-cloud-foundry-prod-5dq3rn9x.it-cpi018-rt.cfapps.eu10-003.hana.ondemand.com:443 "POST /http/CEVA/InsertAttachment HTTP/1.1" 401 None
[ 2022-05-05 18:23:34,563, ERROR] Error post call for sending file 080000053! status_code: 401 
[ 2022-05-05 18:25:10,751, INFO] START PROGRAM
[ 2022-05-05 18:25:10,751, INFO] logs_dir: .\logs 
[ 2022-05-05 18:25:10,751, INFO] save_dir: .\save 
[ 2022-05-05 18:25:10,751, INFO] db_dir: .\db 
[ 2022-05-05 18:25:10,751, INFO] export_dir: .\export 
[ 2022-05-05 18:25:10,751, INFO] img_dir: .\img 
[ 2022-05-05 18:25:15,675, INFO] file: C:\Users\f.faccia\Downloads\080000053.pdf, operazione: upload
[ 2022-05-05 18:25:15,680, DEBUG] Starting new HTTPS connection (1): sap-cloud-foundry-prod-5dq3rn9x.it-cpi018-rt.cfapps.eu10-003.hana.ondemand.com:443
[ 2022-05-05 18:25:15,832, DEBUG] https://sap-cloud-foundry-prod-5dq3rn9x.it-cpi018-rt.cfapps.eu10-003.hana.ondemand.com:443 "GET /http/CEVA/InsertAttachment HTTP/1.1" 200 0
[ 2022-05-05 18:25:15,833, ERROR] token: iI5sVxSyMUSMbjwn9E83zyzkxT1KYNOm
[ 2022-05-05 18:25:15,833, ERROR] {'X-CSRF-token': 'iI5sVxSyMUSMbjwn9E83zyzkxT1KYNOm', 'Authorization': 'Basic c2ItOTY3YzM0YTMtYmJjNi00YTljLWFkYzUtOTQ5ODVhNjg3MjU4IWIxMzgxNDV8aXQtcnQtc2FwLWNsb3VkLWZvdW5kcnktcHJvZC01ZHEzcm45eCFiMTE3OTEyOjg3YTI5Y2Q4LTIxOWEtNDY4Yy1iMWZlLWE5NDA0NDk1MDVmYiRQa0pEbVNHZ1VZeHFSeEFpLTgwTDE3SF82OWtUMmlVdWp1S2k5RGRWMjVBPQ==', 'Accept': 'application/json', 'Content-Type': 'application/json'}
[ 2022-05-05 18:25:15,834, DEBUG] Starting new HTTPS connection (1): sap-cloud-foundry-prod-5dq3rn9x.it-cpi018-rt.cfapps.eu10-003.hana.ondemand.com:443
[ 2022-05-05 18:25:16,025, DEBUG] https://sap-cloud-foundry-prod-5dq3rn9x.it-cpi018-rt.cfapps.eu10-003.hana.ondemand.com:443 "POST /http/CEVA/InsertAttachment HTTP/1.1" 403 431
[ 2022-05-05 18:25:22,366, ERROR] Error post call for sending file 080000053! status_code: 403 
[ 2022-05-05 18:26:36,271, INFO] START PROGRAM
[ 2022-05-05 18:26:36,271, INFO] logs_dir: .\logs 
[ 2022-05-05 18:26:36,271, INFO] save_dir: .\save 
[ 2022-05-05 18:26:36,271, INFO] db_dir: .\db 
[ 2022-05-05 18:26:36,271, INFO] export_dir: .\export 
[ 2022-05-05 18:26:36,271, INFO] img_dir: .\img 
[ 2022-05-05 18:26:42,910, INFO] file: C:\Users\f.faccia\Downloads\080000054.pdf, operazione: upload
[ 2022-05-05 18:26:42,920, DEBUG] Starting new HTTPS connection (1): sap-cloud-foundry-prod-5dq3rn9x.it-cpi018-rt.cfapps.eu10-003.hana.ondemand.com:443
[ 2022-05-05 18:26:43,158, DEBUG] https://sap-cloud-foundry-prod-5dq3rn9x.it-cpi018-rt.cfapps.eu10-003.hana.ondemand.com:443 "GET /http/CEVA/InsertAttachment HTTP/1.1" 200 0
[ 2022-05-05 18:26:43,160, ERROR] token: 4ow_5f_ABAhtBkpI67J9uw46mjbnxr4U
[ 2022-05-05 18:26:43,160, ERROR] {'X-CSRF-token': '4ow_5f_ABAhtBkpI67J9uw46mjbnxr4U', 'Authorization': 'Basic c2ItOTY3YzM0YTMtYmJjNi00YTljLWFkYzUtOTQ5ODVhNjg3MjU4IWIxMzgxNDV8aXQtcnQtc2FwLWNsb3VkLWZvdW5kcnktcHJvZC01ZHEzcm45eCFiMTE3OTEyOjg3YTI5Y2Q4LTIxOWEtNDY4Yy1iMWZlLWE5NDA0NDk1MDVmYiRQa0pEbVNHZ1VZeHFSeEFpLTgwTDE3SF82OWtUMmlVdWp1S2k5RGRWMjVBPQ==', 'Accept': 'application/json', 'Content-Type': 'application/json'}
[ 2022-05-05 18:26:43,162, DEBUG] Starting new HTTPS connection (1): sap-cloud-foundry-prod-5dq3rn9x.it-cpi018-rt.cfapps.eu10-003.hana.ondemand.com:443
[ 2022-05-05 18:26:45,632, DEBUG] https://sap-cloud-foundry-prod-5dq3rn9x.it-cpi018-rt.cfapps.eu10-003.hana.ondemand.com:443 "POST /http/CEVA/InsertAttachment HTTP/1.1" 401 None
[ 2022-05-05 18:27:20,544, ERROR] Error post call for sending file 080000054! status_code: 401 
[ 2022-05-05 18:27:59,144, INFO] START PROGRAM
[ 2022-05-05 18:27:59,144, INFO] logs_dir: .\logs 
[ 2022-05-05 18:27:59,144, INFO] save_dir: .\save 
[ 2022-05-05 18:27:59,144, INFO] db_dir: .\db 
[ 2022-05-05 18:27:59,144, INFO] export_dir: .\export 
[ 2022-05-05 18:27:59,144, INFO] img_dir: .\img 
[ 2022-05-05 18:28:10,613, INFO] file: C:\Users\f.faccia\Downloads\080000053.pdf, operazione: upload
[ 2022-05-05 18:28:10,624, DEBUG] Starting new HTTPS connection (1): sap-cloud-foundry-dev-qua-fauoq769.it-cpi018-rt.cfapps.eu10-003.hana.ondemand.com:443
[ 2022-05-05 18:28:11,036, DEBUG] https://sap-cloud-foundry-dev-qua-fauoq769.it-cpi018-rt.cfapps.eu10-003.hana.ondemand.com:443 "GET /http/CEVA/InsertAttachment HTTP/1.1" 200 0
[ 2022-05-05 18:28:11,039, ERROR] token: ceMoUby6ECpjCEwVkEGlamZxJGnUoYTC
[ 2022-05-05 18:28:11,040, ERROR] {'X-CSRF-token': 'ceMoUby6ECpjCEwVkEGlamZxJGnUoYTC', 'Authorization': 'Basic c2ItMTEzYmJiNTktNDhkYy00ZjU4LTlhOWUtNjZkYmJiM2NkYmZiIWIxMzE0NjR8aXQtcnQtc2FwLWNsb3VkLWZvdW5kcnktZGV2LXF1YS1mYXVvcTc2OSFiMTE3OTEyOjBlNmI4MGU5LTMyNmEtNDhkYy04YTVhLWRkZDYxMTgyMWZiZiRCUEhHOFcwWlZKaVQyT0VWNUp3NzQ0VEpOSDMwMzJ5ZFVaT2U4YnMtcl9RPQ==', 'Accept': 'application/json', 'Content-Type': 'application/json'}
[ 2022-05-05 18:28:11,043, DEBUG] Starting new HTTPS connection (1): sap-cloud-foundry-dev-qua-fauoq769.it-cpi018-rt.cfapps.eu10-003.hana.ondemand.com:443
[ 2022-05-05 18:28:15,513, DEBUG] https://sap-cloud-foundry-dev-qua-fauoq769.it-cpi018-rt.cfapps.eu10-003.hana.ondemand.com:443 "POST /http/CEVA/InsertAttachment HTTP/1.1" 201 None
[ 2022-05-05 18:28:18,163, ERROR] upload Successfull for File 080000053.pdf. status_code: 201!
[ 2022-05-05 18:38:00,081, INFO] file: C:\Users\f.faccia\Downloads\080000053.pdf, operazione: remove
[ 2022-05-05 18:38:00,082, INFO] {'vbeln': '080000053', 'nomefile': '080000053.pdf', 'tipo': 'DDT'} 
[ 2022-05-05 18:38:00,084, DEBUG] Starting new HTTPS connection (1): sap-cloud-foundry-dev-qua-fauoq769.it-cpi018-rt.cfapps.eu10-003.hana.ondemand.com:443
[ 2022-05-05 18:38:00,245, DEBUG] https://sap-cloud-foundry-dev-qua-fauoq769.it-cpi018-rt.cfapps.eu10-003.hana.ondemand.com:443 "GET /http/CEVA/DeleteAttachment HTTP/1.1" 200 0
[ 2022-05-05 18:38:00,247, ERROR] token: 1Za0_risTdVl9fQbuymx_nLYpWVv1gO0
[ 2022-05-05 18:38:00,247, ERROR] {'X-CSRF-token': '1Za0_risTdVl9fQbuymx_nLYpWVv1gO0', 'Authorization': 'Basic c2ItMTEzYmJiNTktNDhkYy00ZjU4LTlhOWUtNjZkYmJiM2NkYmZiIWIxMzE0NjR8aXQtcnQtc2FwLWNsb3VkLWZvdW5kcnktZGV2LXF1YS1mYXVvcTc2OSFiMTE3OTEyOjBlNmI4MGU5LTMyNmEtNDhkYy04YTVhLWRkZDYxMTgyMWZiZiRCUEhHOFcwWlZKaVQyT0VWNUp3NzQ0VEpOSDMwMzJ5ZFVaT2U4YnMtcl9RPQ==', 'Accept': 'application/json', 'Content-Type': 'application/json'}
[ 2022-05-05 18:38:00,249, DEBUG] Starting new HTTPS connection (1): sap-cloud-foundry-dev-qua-fauoq769.it-cpi018-rt.cfapps.eu10-003.hana.ondemand.com:443
[ 2022-05-05 18:38:04,576, DEBUG] https://sap-cloud-foundry-dev-qua-fauoq769.it-cpi018-rt.cfapps.eu10-003.hana.ondemand.com:443 "DELETE /http/CEVA/DeleteAttachment HTTP/1.1" 204 0
[ 2022-05-05 18:38:05,966, ERROR] remove Successfull for File 080000053.pdf. status_code: 204!
[ 2022-05-17 11:33:03,162, INFO] START PROGRAM
[ 2022-05-17 11:33:03,162, INFO] logs_dir: .\logs 
[ 2022-05-17 11:33:03,162, INFO] save_dir: .\save 
[ 2022-05-17 11:33:03,162, INFO] db_dir: .\db 
[ 2022-05-17 11:33:03,162, INFO] export_dir: .\export 
[ 2022-05-17 11:33:03,162, INFO] img_dir: .\img 
[ 2022-05-17 11:33:20,795, INFO] file: C:\Users\f.faccia\Downloads\080000054.pdf, operazione: upload
[ 2022-05-17 11:33:20,808, DEBUG] Starting new HTTPS connection (1): sap-cloud-foundry-prod-5dq3rn9x.it-cpi018-rt.cfapps.eu10-003.hana.ondemand.com:443
[ 2022-05-17 11:33:21,545, DEBUG] https://sap-cloud-foundry-prod-5dq3rn9x.it-cpi018-rt.cfapps.eu10-003.hana.ondemand.com:443 "GET /http/CEVA/InsertAttachment HTTP/1.1" 200 0
[ 2022-05-17 11:33:21,548, ERROR] token: 6XSqQXhMJbkpLotLMiaFoqcOVQz-nQ24
[ 2022-05-17 11:33:21,548, ERROR] {'X-CSRF-token': '6XSqQXhMJbkpLotLMiaFoqcOVQz-nQ24', 'Authorization': 'Basic c2ItOTY3YzM0YTMtYmJjNi00YTljLWFkYzUtOTQ5ODVhNjg3MjU4IWIxMzgxNDV8aXQtcnQtc2FwLWNsb3VkLWZvdW5kcnktcHJvZC01ZHEzcm45eCFiMTE3OTEyOjg3YTI5Y2Q4LTIxOWEtNDY4Yy1iMWZlLWE5NDA0NDk1MDVmYiRQa0pEbVNHZ1VZeHFSeEFpLTgwTDE3SF82OWtUMmlVdWp1S2k5RGRWMjVBPQ==', 'Accept': 'application/json', 'Content-Type': 'application/json', 'Connection': 'keep-alive'}
[ 2022-05-17 11:33:21,551, DEBUG] Starting new HTTPS connection (1): sap-cloud-foundry-prod-5dq3rn9x.it-cpi018-rt.cfapps.eu10-003.hana.ondemand.com:443
[ 2022-05-17 11:33:30,184, DEBUG] https://sap-cloud-foundry-prod-5dq3rn9x.it-cpi018-rt.cfapps.eu10-003.hana.ondemand.com:443 "POST /http/CEVA/InsertAttachment HTTP/1.1" 201 None
[ 2022-05-17 11:33:37,976, ERROR] upload Successfull for File 080000054.pdf. status_code: 201!
[ 2022-05-17 11:35:08,124, INFO] file: C:\Users\f.faccia\Downloads\0187098066.pdf, operazione: upload
[ 2022-05-17 11:35:08,126, DEBUG] Starting new HTTPS connection (1): sap-cloud-foundry-prod-5dq3rn9x.it-cpi018-rt.cfapps.eu10-003.hana.ondemand.com:443
[ 2022-05-17 11:35:08,903, DEBUG] https://sap-cloud-foundry-prod-5dq3rn9x.it-cpi018-rt.cfapps.eu10-003.hana.ondemand.com:443 "GET /http/CEVA/InsertAttachment HTTP/1.1" 200 0
[ 2022-05-17 11:35:08,906, ERROR] token: sKVLIGW9WyEefW75Q1C-Stew-HNdASzM
[ 2022-05-17 11:35:08,906, ERROR] {'X-CSRF-token': 'sKVLIGW9WyEefW75Q1C-Stew-HNdASzM', 'Authorization': 'Basic c2ItOTY3YzM0YTMtYmJjNi00YTljLWFkYzUtOTQ5ODVhNjg3MjU4IWIxMzgxNDV8aXQtcnQtc2FwLWNsb3VkLWZvdW5kcnktcHJvZC01ZHEzcm45eCFiMTE3OTEyOjg3YTI5Y2Q4LTIxOWEtNDY4Yy1iMWZlLWE5NDA0NDk1MDVmYiRQa0pEbVNHZ1VZeHFSeEFpLTgwTDE3SF82OWtUMmlVdWp1S2k5RGRWMjVBPQ==', 'Accept': 'application/json', 'Content-Type': 'application/json', 'Connection': 'keep-alive'}
[ 2022-05-17 11:35:08,909, DEBUG] Starting new HTTPS connection (1): sap-cloud-foundry-prod-5dq3rn9x.it-cpi018-rt.cfapps.eu10-003.hana.ondemand.com:443
[ 2022-05-17 11:35:16,623, DEBUG] https://sap-cloud-foundry-prod-5dq3rn9x.it-cpi018-rt.cfapps.eu10-003.hana.ondemand.com:443 "POST /http/CEVA/InsertAttachment HTTP/1.1" 201 None
[ 2022-05-17 11:35:20,746, ERROR] upload Successfull for File 0187098066.pdf. status_code: 201!
[ 2022-05-17 11:36:58,052, INFO] logfile deleted C:\Users\f.faccia\Documenti\sviluppo\python\postexe\save\080000053.pdf
[ 2022-05-17 11:36:58,064, INFO] logfile deleted C:\Users\f.faccia\Documenti\sviluppo\python\postexe\responses\0187123456.response
[ 2022-05-19 15:08:46,397, INFO] START PROGRAM
[ 2022-05-19 15:08:46,397, INFO] logs_dir: .\logs 
[ 2022-05-19 15:08:46,397, INFO] save_dir: .\save 
[ 2022-05-19 15:08:46,397, INFO] db_dir: .\db 
[ 2022-05-19 15:08:46,397, INFO] export_dir: .\export 
[ 2022-05-19 15:08:46,397, INFO] img_dir: .\img 
[ 2022-05-19 15:09:12,482, INFO] file: C:\Users\f.faccia\Downloads\0187098066.pdf, operazione: upload
[ 2022-05-19 15:09:12,488, INFO] get token from https://sap-cloud-foundry-prod-5dq3rn9x.it-cpi018-rt.cfapps.eu10-003.hana.ondemand.com/http/CEVA/InsertAttachment
[ 2022-05-19 15:09:12,495, DEBUG] Starting new HTTPS connection (1): sap-cloud-foundry-prod-5dq3rn9x.it-cpi018-rt.cfapps.eu10-003.hana.ondemand.com:443
[ 2022-05-19 15:09:13,199, DEBUG] https://sap-cloud-foundry-prod-5dq3rn9x.it-cpi018-rt.cfapps.eu10-003.hana.ondemand.com:443 "GET /http/CEVA/InsertAttachment HTTP/1.1" 200 0
[ 2022-05-19 15:09:13,204, ERROR] token: UsQs07L6SO4j2u1-LqN99mSH4agzmqYF
[ 2022-05-19 15:09:13,204, ERROR] {'X-CSRF-token': 'UsQs07L6SO4j2u1-LqN99mSH4agzmqYF', 'Authorization': 'Basic c2ItOTY3YzM0YTMtYmJjNi00YTljLWFkYzUtOTQ5ODVhNjg3MjU4IWIxMzgxNDV8aXQtcnQtc2FwLWNsb3VkLWZvdW5kcnktcHJvZC01ZHEzcm45eCFiMTE3OTEyOjg3YTI5Y2Q4LTIxOWEtNDY4Yy1iMWZlLWE5NDA0NDk1MDVmYiRQa0pEbVNHZ1VZeHFSeEFpLTgwTDE3SF82OWtUMmlVdWp1S2k5RGRWMjVBPQ==', 'Accept': 'application/json', 'Content-Type': 'application/json', 'Connection': 'keep-alive'}
[ 2022-05-19 15:09:13,209, DEBUG] Starting new HTTPS connection (1): sap-cloud-foundry-prod-5dq3rn9x.it-cpi018-rt.cfapps.eu10-003.hana.ondemand.com:443
[ 2022-05-19 15:09:17,304, DEBUG] https://sap-cloud-foundry-prod-5dq3rn9x.it-cpi018-rt.cfapps.eu10-003.hana.ondemand.com:443 "POST /http/CEVA/InsertAttachment HTTP/1.1" 400 None
[ 2022-05-19 15:09:19,544, ERROR] Error post call for sending file 0187098066! status_code: 400 
[ 2022-05-19 15:09:21,593, ERROR] upload failed for File 0187098066.pdf. status_code: 400!codice errore: ZCEVA_ATTACH/003message: Allegato già acquisitoerrordetails: {'errordetail': {'code': 'ZCEVA_ATTACH/003', 'message': 'Allegato già acquisito'}}
[ 2022-05-19 15:09:29,609, INFO] file: C:\Users\f.faccia\Downloads\0187098066.pdf, operazione: remove
[ 2022-05-19 15:09:29,609, INFO] get token from https://sap-cloud-foundry-prod-5dq3rn9x.it-cpi018-rt.cfapps.eu10-003.hana.ondemand.com/http/CEVA/DeleteAttachment
[ 2022-05-19 15:09:29,609, INFO] {'vbeln': '0187098066', 'nomefile': '0187098066.pdf', 'tipo': 'DDT'} 
[ 2022-05-19 15:09:29,610, DEBUG] Starting new HTTPS connection (1): sap-cloud-foundry-prod-5dq3rn9x.it-cpi018-rt.cfapps.eu10-003.hana.ondemand.com:443
[ 2022-05-19 15:09:29,784, DEBUG] https://sap-cloud-foundry-prod-5dq3rn9x.it-cpi018-rt.cfapps.eu10-003.hana.ondemand.com:443 "GET /http/CEVA/DeleteAttachment HTTP/1.1" 200 0
[ 2022-05-19 15:09:29,791, ERROR] token: YfetDTe0xC8kFPA0oCkP5M8cpl4L0DwA
[ 2022-05-19 15:09:29,791, ERROR] {'X-CSRF-token': 'YfetDTe0xC8kFPA0oCkP5M8cpl4L0DwA', 'Authorization': 'Basic c2ItOTY3YzM0YTMtYmJjNi00YTljLWFkYzUtOTQ5ODVhNjg3MjU4IWIxMzgxNDV8aXQtcnQtc2FwLWNsb3VkLWZvdW5kcnktcHJvZC01ZHEzcm45eCFiMTE3OTEyOjg3YTI5Y2Q4LTIxOWEtNDY4Yy1iMWZlLWE5NDA0NDk1MDVmYiRQa0pEbVNHZ1VZeHFSeEFpLTgwTDE3SF82OWtUMmlVdWp1S2k5RGRWMjVBPQ==', 'Accept': 'application/json', 'Content-Type': 'application/json', 'Connection': 'keep-alive'}
[ 2022-05-19 15:09:29,798, DEBUG] Starting new HTTPS connection (1): sap-cloud-foundry-prod-5dq3rn9x.it-cpi018-rt.cfapps.eu10-003.hana.ondemand.com:443
[ 2022-05-19 15:09:30,518, DEBUG] https://sap-cloud-foundry-prod-5dq3rn9x.it-cpi018-rt.cfapps.eu10-003.hana.ondemand.com:443 "DELETE /http/CEVA/DeleteAttachment HTTP/1.1" 403 431
[ 2022-05-19 15:09:32,609, ERROR] Error post call for sending file 0187098066! status_code: 403 
[ 2022-05-19 15:10:13,545, INFO] file: C:\Users\f.faccia\Downloads\080000053.pdf, operazione: remove
[ 2022-05-19 15:10:13,545, INFO] get token from https://sap-cloud-foundry-prod-5dq3rn9x.it-cpi018-rt.cfapps.eu10-003.hana.ondemand.com/http/CEVA/DeleteAttachment
[ 2022-05-19 15:10:13,545, INFO] {'vbeln': '080000053', 'nomefile': '080000053.pdf', 'tipo': 'DDT'} 
[ 2022-05-19 15:10:13,546, DEBUG] Starting new HTTPS connection (1): sap-cloud-foundry-prod-5dq3rn9x.it-cpi018-rt.cfapps.eu10-003.hana.ondemand.com:443
[ 2022-05-19 15:10:13,755, DEBUG] https://sap-cloud-foundry-prod-5dq3rn9x.it-cpi018-rt.cfapps.eu10-003.hana.ondemand.com:443 "GET /http/CEVA/DeleteAttachment HTTP/1.1" 200 0
[ 2022-05-19 15:10:13,760, ERROR] token: 7Ut6M24HlzokAOH1c7udjrPNqsbyYgEe
[ 2022-05-19 15:10:13,760, ERROR] {'X-CSRF-token': '7Ut6M24HlzokAOH1c7udjrPNqsbyYgEe', 'Authorization': 'Basic c2ItOTY3YzM0YTMtYmJjNi00YTljLWFkYzUtOTQ5ODVhNjg3MjU4IWIxMzgxNDV8aXQtcnQtc2FwLWNsb3VkLWZvdW5kcnktcHJvZC01ZHEzcm45eCFiMTE3OTEyOjg3YTI5Y2Q4LTIxOWEtNDY4Yy1iMWZlLWE5NDA0NDk1MDVmYiRQa0pEbVNHZ1VZeHFSeEFpLTgwTDE3SF82OWtUMmlVdWp1S2k5RGRWMjVBPQ==', 'Accept': 'application/json', 'Content-Type': 'application/json', 'Connection': 'keep-alive'}
[ 2022-05-19 15:10:13,764, DEBUG] Starting new HTTPS connection (1): sap-cloud-foundry-prod-5dq3rn9x.it-cpi018-rt.cfapps.eu10-003.hana.ondemand.com:443
[ 2022-05-19 15:10:13,914, DEBUG] https://sap-cloud-foundry-prod-5dq3rn9x.it-cpi018-rt.cfapps.eu10-003.hana.ondemand.com:443 "DELETE /http/CEVA/DeleteAttachment HTTP/1.1" 403 431
[ 2022-05-19 15:10:15,609, ERROR] Error post call for sending file 080000053! status_code: 403 
[ 2022-05-19 15:10:23,702, INFO] file: C:\Users\f.faccia\Downloads\080000053.pdf, operazione: upload
[ 2022-05-19 15:10:23,707, INFO] get token from https://sap-cloud-foundry-prod-5dq3rn9x.it-cpi018-rt.cfapps.eu10-003.hana.ondemand.com/http/CEVA/InsertAttachment
[ 2022-05-19 15:10:23,708, DEBUG] Starting new HTTPS connection (1): sap-cloud-foundry-prod-5dq3rn9x.it-cpi018-rt.cfapps.eu10-003.hana.ondemand.com:443
[ 2022-05-19 15:10:23,892, DEBUG] https://sap-cloud-foundry-prod-5dq3rn9x.it-cpi018-rt.cfapps.eu10-003.hana.ondemand.com:443 "GET /http/CEVA/InsertAttachment HTTP/1.1" 200 0
[ 2022-05-19 15:10:23,899, ERROR] token: RKDmniBzx5aHGcaV8Lx4BsFUVeZ__kSn
[ 2022-05-19 15:10:23,899, ERROR] {'X-CSRF-token': 'RKDmniBzx5aHGcaV8Lx4BsFUVeZ__kSn', 'Authorization': 'Basic c2ItOTY3YzM0YTMtYmJjNi00YTljLWFkYzUtOTQ5ODVhNjg3MjU4IWIxMzgxNDV8aXQtcnQtc2FwLWNsb3VkLWZvdW5kcnktcHJvZC01ZHEzcm45eCFiMTE3OTEyOjg3YTI5Y2Q4LTIxOWEtNDY4Yy1iMWZlLWE5NDA0NDk1MDVmYiRQa0pEbVNHZ1VZeHFSeEFpLTgwTDE3SF82OWtUMmlVdWp1S2k5RGRWMjVBPQ==', 'Accept': 'application/json', 'Content-Type': 'application/json', 'Connection': 'keep-alive'}
[ 2022-05-19 15:10:23,906, DEBUG] Starting new HTTPS connection (1): sap-cloud-foundry-prod-5dq3rn9x.it-cpi018-rt.cfapps.eu10-003.hana.ondemand.com:443
[ 2022-05-19 15:10:25,310, DEBUG] https://sap-cloud-foundry-prod-5dq3rn9x.it-cpi018-rt.cfapps.eu10-003.hana.ondemand.com:443 "POST /http/CEVA/InsertAttachment HTTP/1.1" 400 None
[ 2022-05-19 15:10:27,368, ERROR] Error post call for sending file 080000053! status_code: 400 
[ 2022-05-19 15:10:32,184, ERROR] upload failed for File 080000053.pdf. status_code: 400!codice errore: ZCEVA_ATTACH/002message: Consegna Inesistenteerrordetails: {'errordetail': {'code': 'ZCEVA_ATTACH/002', 'message': 'Consegna Inesistente'}}
[ 2022-05-19 15:12:23,312, INFO] file: C:\Users\f.faccia\Downloads\0187098066.pdf, operazione: remove
[ 2022-05-19 15:12:23,313, INFO] get token from https://sap-cloud-foundry-prod-5dq3rn9x.it-cpi018-rt.cfapps.eu10-003.hana.ondemand.com/http/CEVA/DeleteAttachment
[ 2022-05-19 15:12:23,313, INFO] {'vbeln': '0187098066', 'nomefile': '0187098066.pdf', 'tipo': 'DDT'} 
[ 2022-05-19 15:12:23,314, DEBUG] Starting new HTTPS connection (1): sap-cloud-foundry-prod-5dq3rn9x.it-cpi018-rt.cfapps.eu10-003.hana.ondemand.com:443
[ 2022-05-19 15:12:23,490, DEBUG] https://sap-cloud-foundry-prod-5dq3rn9x.it-cpi018-rt.cfapps.eu10-003.hana.ondemand.com:443 "GET /http/CEVA/DeleteAttachment HTTP/1.1" 200 0
[ 2022-05-19 15:12:23,491, ERROR] token: RqTUiU3-Me-K_jYO1ZUMRLHuVKrkKY-4
[ 2022-05-19 15:12:23,491, ERROR] {'X-CSRF-token': 'RqTUiU3-Me-K_jYO1ZUMRLHuVKrkKY-4', 'Authorization': 'Basic c2ItOTY3YzM0YTMtYmJjNi00YTljLWFkYzUtOTQ5ODVhNjg3MjU4IWIxMzgxNDV8aXQtcnQtc2FwLWNsb3VkLWZvdW5kcnktcHJvZC01ZHEzcm45eCFiMTE3OTEyOjg3YTI5Y2Q4LTIxOWEtNDY4Yy1iMWZlLWE5NDA0NDk1MDVmYiRQa0pEbVNHZ1VZeHFSeEFpLTgwTDE3SF82OWtUMmlVdWp1S2k5RGRWMjVBPQ==', 'Accept': 'application/json', 'Content-Type': 'application/json', 'Connection': 'keep-alive'}
[ 2022-05-19 15:12:23,494, DEBUG] Starting new HTTPS connection (1): sap-cloud-foundry-prod-5dq3rn9x.it-cpi018-rt.cfapps.eu10-003.hana.ondemand.com:443
[ 2022-05-19 15:12:33,256, DEBUG] https://sap-cloud-foundry-prod-5dq3rn9x.it-cpi018-rt.cfapps.eu10-003.hana.ondemand.com:443 "DELETE /http/CEVA/DeleteAttachment HTTP/1.1" 204 0
[ 2022-05-19 15:12:36,321, ERROR] remove Successfull for File 0187098066.pdf. status_code: 204!
[ 2022-05-19 15:12:50,264, INFO] file: C:\Users\f.faccia\Downloads\080000053.pdf, operazione: remove
[ 2022-05-19 15:12:50,265, INFO] get token from https://sap-cloud-foundry-prod-5dq3rn9x.it-cpi018-rt.cfapps.eu10-003.hana.ondemand.com/http/CEVA/DeleteAttachment
[ 2022-05-19 15:12:50,265, INFO] {'vbeln': '080000053', 'nomefile': '080000053.pdf', 'tipo': 'DDT'} 
[ 2022-05-19 15:12:50,266, DEBUG] Starting new HTTPS connection (1): sap-cloud-foundry-prod-5dq3rn9x.it-cpi018-rt.cfapps.eu10-003.hana.ondemand.com:443
[ 2022-05-19 15:12:50,424, DEBUG] https://sap-cloud-foundry-prod-5dq3rn9x.it-cpi018-rt.cfapps.eu10-003.hana.ondemand.com:443 "GET /http/CEVA/DeleteAttachment HTTP/1.1" 200 0
[ 2022-05-19 15:12:50,431, ERROR] token: 39zanF71v8WlH9K3iop6beSTw-MwZg2W
[ 2022-05-19 15:12:50,431, ERROR] {'X-CSRF-token': '39zanF71v8WlH9K3iop6beSTw-MwZg2W', 'Authorization': 'Basic c2ItOTY3YzM0YTMtYmJjNi00YTljLWFkYzUtOTQ5ODVhNjg3MjU4IWIxMzgxNDV8aXQtcnQtc2FwLWNsb3VkLWZvdW5kcnktcHJvZC01ZHEzcm45eCFiMTE3OTEyOjg3YTI5Y2Q4LTIxOWEtNDY4Yy1iMWZlLWE5NDA0NDk1MDVmYiRQa0pEbVNHZ1VZeHFSeEFpLTgwTDE3SF82OWtUMmlVdWp1S2k5RGRWMjVBPQ==', 'Accept': 'application/json', 'Content-Type': 'application/json', 'Connection': 'keep-alive'}
[ 2022-05-19 15:12:50,437, DEBUG] Starting new HTTPS connection (1): sap-cloud-foundry-prod-5dq3rn9x.it-cpi018-rt.cfapps.eu10-003.hana.ondemand.com:443
[ 2022-05-19 15:12:55,646, DEBUG] https://sap-cloud-foundry-prod-5dq3rn9x.it-cpi018-rt.cfapps.eu10-003.hana.ondemand.com:443 "DELETE /http/CEVA/DeleteAttachment HTTP/1.1" 500 None
[ 2022-05-19 15:12:58,646, ERROR] Error post call for sending file 080000053! status_code: 500 
[ 2022-05-19 15:13:09,398, ERROR] remove failed for File 080000053.pdf. status_code: 500!codice errore: ZCEVA_ATTACH/005message: File non trovato su OpenTexterrordetails: {'errordetail': {'code': 'ZCEVA_ATTACH/005', 'message': 'File non trovato su OpenText'}}
[ 2022-05-19 15:13:21,111, INFO] file: C:\Users\f.faccia\Downloads\080000054.pdf, operazione: remove
[ 2022-05-19 15:13:21,113, INFO] get token from https://sap-cloud-foundry-prod-5dq3rn9x.it-cpi018-rt.cfapps.eu10-003.hana.ondemand.com/http/CEVA/DeleteAttachment
[ 2022-05-19 15:13:21,113, INFO] {'vbeln': '080000054', 'nomefile': '080000054.pdf', 'tipo': 'DDT'} 
[ 2022-05-19 15:13:21,114, DEBUG] Starting new HTTPS connection (1): sap-cloud-foundry-prod-5dq3rn9x.it-cpi018-rt.cfapps.eu10-003.hana.ondemand.com:443
[ 2022-05-19 15:13:21,282, DEBUG] https://sap-cloud-foundry-prod-5dq3rn9x.it-cpi018-rt.cfapps.eu10-003.hana.ondemand.com:443 "GET /http/CEVA/DeleteAttachment HTTP/1.1" 200 0
[ 2022-05-19 15:13:21,286, ERROR] token: 7PHDSHPvivL5GKVovNUw6x3p_G1920Ln
[ 2022-05-19 15:13:21,286, ERROR] {'X-CSRF-token': '7PHDSHPvivL5GKVovNUw6x3p_G1920Ln', 'Authorization': 'Basic c2ItOTY3YzM0YTMtYmJjNi00YTljLWFkYzUtOTQ5ODVhNjg3MjU4IWIxMzgxNDV8aXQtcnQtc2FwLWNsb3VkLWZvdW5kcnktcHJvZC01ZHEzcm45eCFiMTE3OTEyOjg3YTI5Y2Q4LTIxOWEtNDY4Yy1iMWZlLWE5NDA0NDk1MDVmYiRQa0pEbVNHZ1VZeHFSeEFpLTgwTDE3SF82OWtUMmlVdWp1S2k5RGRWMjVBPQ==', 'Accept': 'application/json', 'Content-Type': 'application/json', 'Connection': 'keep-alive'}
[ 2022-05-19 15:13:21,290, DEBUG] Starting new HTTPS connection (1): sap-cloud-foundry-prod-5dq3rn9x.it-cpi018-rt.cfapps.eu10-003.hana.ondemand.com:443
[ 2022-05-19 15:13:21,461, DEBUG] https://sap-cloud-foundry-prod-5dq3rn9x.it-cpi018-rt.cfapps.eu10-003.hana.ondemand.com:443 "DELETE /http/CEVA/DeleteAttachment HTTP/1.1" 403 431
[ 2022-05-19 15:13:27,216, ERROR] Error post call for sending file 080000054! status_code: 403 
[ 2022-05-19 15:13:33,373, INFO] file: C:\Users\f.faccia\Downloads\080000053.pdf, operazione: remove
[ 2022-05-19 15:13:33,374, INFO] get token from https://sap-cloud-foundry-prod-5dq3rn9x.it-cpi018-rt.cfapps.eu10-003.hana.ondemand.com/http/CEVA/DeleteAttachment
[ 2022-05-19 15:13:33,374, INFO] {'vbeln': '080000053', 'nomefile': '080000053.pdf', 'tipo': 'DDT'} 
[ 2022-05-19 15:13:33,375, DEBUG] Starting new HTTPS connection (1): sap-cloud-foundry-prod-5dq3rn9x.it-cpi018-rt.cfapps.eu10-003.hana.ondemand.com:443
[ 2022-05-19 15:13:33,560, DEBUG] https://sap-cloud-foundry-prod-5dq3rn9x.it-cpi018-rt.cfapps.eu10-003.hana.ondemand.com:443 "GET /http/CEVA/DeleteAttachment HTTP/1.1" 200 0
[ 2022-05-19 15:13:33,567, ERROR] token: lF0SODN1PFE8a7KdkZII56JjVj1qqZhO
[ 2022-05-19 15:13:33,568, ERROR] {'X-CSRF-token': 'lF0SODN1PFE8a7KdkZII56JjVj1qqZhO', 'Authorization': 'Basic c2ItOTY3YzM0YTMtYmJjNi00YTljLWFkYzUtOTQ5ODVhNjg3MjU4IWIxMzgxNDV8aXQtcnQtc2FwLWNsb3VkLWZvdW5kcnktcHJvZC01ZHEzcm45eCFiMTE3OTEyOjg3YTI5Y2Q4LTIxOWEtNDY4Yy1iMWZlLWE5NDA0NDk1MDVmYiRQa0pEbVNHZ1VZeHFSeEFpLTgwTDE3SF82OWtUMmlVdWp1S2k5RGRWMjVBPQ==', 'Accept': 'application/json', 'Content-Type': 'application/json', 'Connection': 'keep-alive'}
[ 2022-05-19 15:13:33,574, DEBUG] Starting new HTTPS connection (1): sap-cloud-foundry-prod-5dq3rn9x.it-cpi018-rt.cfapps.eu10-003.hana.ondemand.com:443
[ 2022-05-19 15:13:33,732, DEBUG] https://sap-cloud-foundry-prod-5dq3rn9x.it-cpi018-rt.cfapps.eu10-003.hana.ondemand.com:443 "DELETE /http/CEVA/DeleteAttachment HTTP/1.1" 403 431
[ 2022-05-19 15:13:41,416, ERROR] Error post call for sending file 080000053! status_code: 403 
[ 2022-05-19 15:13:49,890, INFO] file: C:\Users\f.faccia\Downloads\080000054.pdf, operazione: remove
[ 2022-05-19 15:13:49,890, INFO] get token from https://sap-cloud-foundry-prod-5dq3rn9x.it-cpi018-rt.cfapps.eu10-003.hana.ondemand.com/http/CEVA/DeleteAttachment
[ 2022-05-19 15:13:49,890, INFO] {'vbeln': '080000054', 'nomefile': '080000054.pdf', 'tipo': 'DDT'} 
[ 2022-05-19 15:13:49,892, DEBUG] Starting new HTTPS connection (1): sap-cloud-foundry-prod-5dq3rn9x.it-cpi018-rt.cfapps.eu10-003.hana.ondemand.com:443
[ 2022-05-19 15:13:50,036, DEBUG] https://sap-cloud-foundry-prod-5dq3rn9x.it-cpi018-rt.cfapps.eu10-003.hana.ondemand.com:443 "GET /http/CEVA/DeleteAttachment HTTP/1.1" 200 0
[ 2022-05-19 15:13:50,040, ERROR] token: pChPFMyBspiZYbmD1ej3MtgcNw69yyTR
[ 2022-05-19 15:13:50,040, ERROR] {'X-CSRF-token': 'pChPFMyBspiZYbmD1ej3MtgcNw69yyTR', 'Authorization': 'Basic c2ItOTY3YzM0YTMtYmJjNi00YTljLWFkYzUtOTQ5ODVhNjg3MjU4IWIxMzgxNDV8aXQtcnQtc2FwLWNsb3VkLWZvdW5kcnktcHJvZC01ZHEzcm45eCFiMTE3OTEyOjg3YTI5Y2Q4LTIxOWEtNDY4Yy1iMWZlLWE5NDA0NDk1MDVmYiRQa0pEbVNHZ1VZeHFSeEFpLTgwTDE3SF82OWtUMmlVdWp1S2k5RGRWMjVBPQ==', 'Accept': 'application/json', 'Content-Type': 'application/json', 'Connection': 'keep-alive'}
[ 2022-05-19 15:13:50,044, DEBUG] Starting new HTTPS connection (1): sap-cloud-foundry-prod-5dq3rn9x.it-cpi018-rt.cfapps.eu10-003.hana.ondemand.com:443
[ 2022-05-19 15:13:59,143, DEBUG] https://sap-cloud-foundry-prod-5dq3rn9x.it-cpi018-rt.cfapps.eu10-003.hana.ondemand.com:443 "DELETE /http/CEVA/DeleteAttachment HTTP/1.1" 204 0
[ 2022-05-19 15:14:01,532, ERROR] remove Successfull for File 080000054.pdf. status_code: 204!
[ 2022-05-19 15:14:12,829, INFO] file: C:\Users\f.faccia\Downloads\080000053.pdf, operazione: remove
[ 2022-05-19 15:14:12,831, INFO] get token from https://sap-cloud-foundry-prod-5dq3rn9x.it-cpi018-rt.cfapps.eu10-003.hana.ondemand.com/http/CEVA/DeleteAttachment
[ 2022-05-19 15:14:12,831, INFO] {'vbeln': '080000053', 'nomefile': '080000053.pdf', 'tipo': 'DDT'} 
[ 2022-05-19 15:14:12,833, DEBUG] Starting new HTTPS connection (1): sap-cloud-foundry-prod-5dq3rn9x.it-cpi018-rt.cfapps.eu10-003.hana.ondemand.com:443
[ 2022-05-19 15:14:13,005, DEBUG] https://sap-cloud-foundry-prod-5dq3rn9x.it-cpi018-rt.cfapps.eu10-003.hana.ondemand.com:443 "GET /http/CEVA/DeleteAttachment HTTP/1.1" 200 0
[ 2022-05-19 15:14:13,012, ERROR] token: 0YKo_HHyFgsJ8GSvuAx7HT8auiWHWjbJ
[ 2022-05-19 15:14:13,013, ERROR] {'X-CSRF-token': '0YKo_HHyFgsJ8GSvuAx7HT8auiWHWjbJ', 'Authorization': 'Basic c2ItOTY3YzM0YTMtYmJjNi00YTljLWFkYzUtOTQ5ODVhNjg3MjU4IWIxMzgxNDV8aXQtcnQtc2FwLWNsb3VkLWZvdW5kcnktcHJvZC01ZHEzcm45eCFiMTE3OTEyOjg3YTI5Y2Q4LTIxOWEtNDY4Yy1iMWZlLWE5NDA0NDk1MDVmYiRQa0pEbVNHZ1VZeHFSeEFpLTgwTDE3SF82OWtUMmlVdWp1S2k5RGRWMjVBPQ==', 'Accept': 'application/json', 'Content-Type': 'application/json', 'Connection': 'keep-alive'}
[ 2022-05-19 15:14:13,019, DEBUG] Starting new HTTPS connection (1): sap-cloud-foundry-prod-5dq3rn9x.it-cpi018-rt.cfapps.eu10-003.hana.ondemand.com:443
[ 2022-05-19 15:14:13,195, DEBUG] https://sap-cloud-foundry-prod-5dq3rn9x.it-cpi018-rt.cfapps.eu10-003.hana.ondemand.com:443 "DELETE /http/CEVA/DeleteAttachment HTTP/1.1" 403 431
[ 2022-05-19 15:14:21,434, ERROR] Error post call for sending file 080000053! status_code: 403 
[ 2022-05-19 15:14:53,906, INFO] file: C:\Users\f.faccia\Downloads\0187098066.pdf, operazione: remove
[ 2022-05-19 15:14:53,906, INFO] get token from https://sap-cloud-foundry-prod-5dq3rn9x.it-cpi018-rt.cfapps.eu10-003.hana.ondemand.com/http/CEVA/DeleteAttachment
[ 2022-05-19 15:14:53,906, INFO] {'vbeln': '0187098066', 'nomefile': '0187098066.pdf', 'tipo': 'DDT'} 
[ 2022-05-19 15:14:53,908, DEBUG] Starting new HTTPS connection (1): sap-cloud-foundry-prod-5dq3rn9x.it-cpi018-rt.cfapps.eu10-003.hana.ondemand.com:443
[ 2022-05-19 15:14:54,115, DEBUG] https://sap-cloud-foundry-prod-5dq3rn9x.it-cpi018-rt.cfapps.eu10-003.hana.ondemand.com:443 "GET /http/CEVA/DeleteAttachment HTTP/1.1" 200 0
[ 2022-05-19 15:14:54,119, ERROR] token: FprJdui950tXO58Vr8cRTMj_Kg1wyS3G
[ 2022-05-19 15:14:54,120, ERROR] {'X-CSRF-token': 'FprJdui950tXO58Vr8cRTMj_Kg1wyS3G', 'Authorization': 'Basic c2ItOTY3YzM0YTMtYmJjNi00YTljLWFkYzUtOTQ5ODVhNjg3MjU4IWIxMzgxNDV8aXQtcnQtc2FwLWNsb3VkLWZvdW5kcnktcHJvZC01ZHEzcm45eCFiMTE3OTEyOjg3YTI5Y2Q4LTIxOWEtNDY4Yy1iMWZlLWE5NDA0NDk1MDVmYiRQa0pEbVNHZ1VZeHFSeEFpLTgwTDE3SF82OWtUMmlVdWp1S2k5RGRWMjVBPQ==', 'Accept': 'application/json', 'Content-Type': 'application/json', 'Connection': 'keep-alive'}
[ 2022-05-19 15:14:54,123, DEBUG] Starting new HTTPS connection (1): sap-cloud-foundry-prod-5dq3rn9x.it-cpi018-rt.cfapps.eu10-003.hana.ondemand.com:443
[ 2022-05-19 15:14:57,044, DEBUG] https://sap-cloud-foundry-prod-5dq3rn9x.it-cpi018-rt.cfapps.eu10-003.hana.ondemand.com:443 "DELETE /http/CEVA/DeleteAttachment HTTP/1.1" 500 None
[ 2022-05-19 15:14:58,892, ERROR] Error post call for sending file 0187098066! status_code: 500 
[ 2022-05-19 15:15:00,182, ERROR] remove failed for File 0187098066.pdf. status_code: 500!codice errore: ZCEVA_ATTACH/005message: File non trovato su OpenTexterrordetails: {'errordetail': {'code': 'ZCEVA_ATTACH/005', 'message': 'File non trovato su OpenText'}}
[ 2022-05-19 15:15:24,990, INFO] START PROGRAM
[ 2022-05-19 15:15:24,990, INFO] logs_dir: .\logs 
[ 2022-05-19 15:15:24,990, INFO] save_dir: .\save 
[ 2022-05-19 15:15:24,990, INFO] db_dir: .\db 
[ 2022-05-19 15:15:24,990, INFO] export_dir: .\export 
[ 2022-05-19 15:15:24,990, INFO] img_dir: .\img 
[ 2022-05-19 15:15:32,265, INFO] file: C:\Users\f.faccia\Downloads\0187098066.pdf, operazione: remove
[ 2022-05-19 15:15:32,269, INFO] get token from https://sap-cloud-foundry-prod-5dq3rn9x.it-cpi018-rt.cfapps.eu10-003.hana.ondemand.com/http/CEVA/DeleteAttachment
[ 2022-05-19 15:15:32,269, INFO] {'vbeln': '0187098066', 'nomefile': '0187098066.pdf', 'tipo': 'DDT'} 
[ 2022-05-19 15:15:32,274, DEBUG] Starting new HTTPS connection (1): sap-cloud-foundry-prod-5dq3rn9x.it-cpi018-rt.cfapps.eu10-003.hana.ondemand.com:443
[ 2022-05-19 15:15:32,454, DEBUG] https://sap-cloud-foundry-prod-5dq3rn9x.it-cpi018-rt.cfapps.eu10-003.hana.ondemand.com:443 "GET /http/CEVA/DeleteAttachment HTTP/1.1" 200 0
[ 2022-05-19 15:15:32,457, ERROR] token: edcbN9brBKZevqQ00V3bgy1TvtLczQY5
[ 2022-05-19 15:15:32,457, ERROR] {'X-CSRF-token': 'edcbN9brBKZevqQ00V3bgy1TvtLczQY5', 'Authorization': 'Basic c2ItOTY3YzM0YTMtYmJjNi00YTljLWFkYzUtOTQ5ODVhNjg3MjU4IWIxMzgxNDV8aXQtcnQtc2FwLWNsb3VkLWZvdW5kcnktcHJvZC01ZHEzcm45eCFiMTE3OTEyOjg3YTI5Y2Q4LTIxOWEtNDY4Yy1iMWZlLWE5NDA0NDk1MDVmYiRQa0pEbVNHZ1VZeHFSeEFpLTgwTDE3SF82OWtUMmlVdWp1S2k5RGRWMjVBPQ==', 'Accept': 'application/json', 'Content-Type': 'application/json', 'Connection': 'keep-alive'}
[ 2022-05-19 15:15:32,459, DEBUG] Starting new HTTPS connection (1): sap-cloud-foundry-prod-5dq3rn9x.it-cpi018-rt.cfapps.eu10-003.hana.ondemand.com:443
[ 2022-05-19 15:15:32,630, DEBUG] https://sap-cloud-foundry-prod-5dq3rn9x.it-cpi018-rt.cfapps.eu10-003.hana.ondemand.com:443 "DELETE /http/CEVA/DeleteAttachment HTTP/1.1" 403 431
[ 2022-05-19 15:15:34,645, ERROR] Error post call for sending file 0187098066! status_code: 403 
[ 2022-05-19 15:15:38,906, INFO] file: C:\Users\f.faccia\Downloads\0187098066.pdf, operazione: remove
[ 2022-05-19 15:15:38,909, INFO] get token from https://sap-cloud-foundry-prod-5dq3rn9x.it-cpi018-rt.cfapps.eu10-003.hana.ondemand.com/http/CEVA/DeleteAttachment
[ 2022-05-19 15:15:38,909, INFO] {'vbeln': '0187098066', 'nomefile': '0187098066.pdf', 'tipo': 'DDT'} 
[ 2022-05-19 15:15:38,910, DEBUG] Starting new HTTPS connection (1): sap-cloud-foundry-prod-5dq3rn9x.it-cpi018-rt.cfapps.eu10-003.hana.ondemand.com:443
[ 2022-05-19 15:15:39,080, DEBUG] https://sap-cloud-foundry-prod-5dq3rn9x.it-cpi018-rt.cfapps.eu10-003.hana.ondemand.com:443 "GET /http/CEVA/DeleteAttachment HTTP/1.1" 200 0
[ 2022-05-19 15:15:39,087, ERROR] token: ZM934RzXjnBqlO0a3De07sqpI5ttj4_Q
[ 2022-05-19 15:15:39,088, ERROR] {'X-CSRF-token': 'ZM934RzXjnBqlO0a3De07sqpI5ttj4_Q', 'Authorization': 'Basic c2ItOTY3YzM0YTMtYmJjNi00YTljLWFkYzUtOTQ5ODVhNjg3MjU4IWIxMzgxNDV8aXQtcnQtc2FwLWNsb3VkLWZvdW5kcnktcHJvZC01ZHEzcm45eCFiMTE3OTEyOjg3YTI5Y2Q4LTIxOWEtNDY4Yy1iMWZlLWE5NDA0NDk1MDVmYiRQa0pEbVNHZ1VZeHFSeEFpLTgwTDE3SF82OWtUMmlVdWp1S2k5RGRWMjVBPQ==', 'Accept': 'application/json', 'Content-Type': 'application/json', 'Connection': 'keep-alive'}
[ 2022-05-19 15:15:39,092, DEBUG] Starting new HTTPS connection (1): sap-cloud-foundry-prod-5dq3rn9x.it-cpi018-rt.cfapps.eu10-003.hana.ondemand.com:443
[ 2022-05-19 15:15:41,556, DEBUG] https://sap-cloud-foundry-prod-5dq3rn9x.it-cpi018-rt.cfapps.eu10-003.hana.ondemand.com:443 "DELETE /http/CEVA/DeleteAttachment HTTP/1.1" 500 None
[ 2022-05-19 15:15:45,425, ERROR] Error post call for sending file 0187098066! status_code: 500 
[ 2022-05-19 15:15:46,958, ERROR] remove failed for File 0187098066.pdf. status_code: 500!codice errore: ZCEVA_ATTACH/005message: File non trovato su OpenTexterrordetails: {'errordetail': {'code': 'ZCEVA_ATTACH/005', 'message': 'File non trovato su OpenText'}}
[ 2022-05-19 15:15:52,874, INFO] file: C:\Users\f.faccia\Downloads\0187098066.pdf, operazione: remove
[ 2022-05-19 15:15:52,876, INFO] get token from https://sap-cloud-foundry-prod-5dq3rn9x.it-cpi018-rt.cfapps.eu10-003.hana.ondemand.com/http/CEVA/DeleteAttachment
[ 2022-05-19 15:15:52,877, INFO] {'vbeln': '0187098066', 'nomefile': '0187098066.pdf', 'tipo': 'DDT'} 
[ 2022-05-19 15:15:52,878, DEBUG] Starting new HTTPS connection (1): sap-cloud-foundry-prod-5dq3rn9x.it-cpi018-rt.cfapps.eu10-003.hana.ondemand.com:443
[ 2022-05-19 15:15:53,066, DEBUG] https://sap-cloud-foundry-prod-5dq3rn9x.it-cpi018-rt.cfapps.eu10-003.hana.ondemand.com:443 "GET /http/CEVA/DeleteAttachment HTTP/1.1" 200 0
[ 2022-05-19 15:15:53,070, ERROR] token: 68fAKFW5Rujq8H-ZjgcwiR3HbAyPiuFs
[ 2022-05-19 15:15:53,070, ERROR] {'X-CSRF-token': '68fAKFW5Rujq8H-ZjgcwiR3HbAyPiuFs', 'Authorization': 'Basic c2ItOTY3YzM0YTMtYmJjNi00YTljLWFkYzUtOTQ5ODVhNjg3MjU4IWIxMzgxNDV8aXQtcnQtc2FwLWNsb3VkLWZvdW5kcnktcHJvZC01ZHEzcm45eCFiMTE3OTEyOjg3YTI5Y2Q4LTIxOWEtNDY4Yy1iMWZlLWE5NDA0NDk1MDVmYiRQa0pEbVNHZ1VZeHFSeEFpLTgwTDE3SF82OWtUMmlVdWp1S2k5RGRWMjVBPQ==', 'Accept': 'application/json', 'Content-Type': 'application/json', 'Connection': 'keep-alive'}
[ 2022-05-19 15:15:53,073, DEBUG] Starting new HTTPS connection (1): sap-cloud-foundry-prod-5dq3rn9x.it-cpi018-rt.cfapps.eu10-003.hana.ondemand.com:443
[ 2022-05-19 15:15:53,248, DEBUG] https://sap-cloud-foundry-prod-5dq3rn9x.it-cpi018-rt.cfapps.eu10-003.hana.ondemand.com:443 "DELETE /http/CEVA/DeleteAttachment HTTP/1.1" 403 431
[ 2022-05-19 15:15:59,569, ERROR] Error post call for sending file 0187098066! status_code: 403 
[ 2022-05-19 15:16:04,501, INFO] file: C:\Users\f.faccia\Downloads\0187098066.pdf, operazione: remove
[ 2022-05-19 15:16:04,502, INFO] get token from https://sap-cloud-foundry-prod-5dq3rn9x.it-cpi018-rt.cfapps.eu10-003.hana.ondemand.com/http/CEVA/DeleteAttachment
[ 2022-05-19 15:16:04,502, INFO] {'vbeln': '0187098066', 'nomefile': '0187098066.pdf', 'tipo': 'DDT'} 
[ 2022-05-19 15:16:04,504, DEBUG] Starting new HTTPS connection (1): sap-cloud-foundry-prod-5dq3rn9x.it-cpi018-rt.cfapps.eu10-003.hana.ondemand.com:443
[ 2022-05-19 15:16:04,680, DEBUG] https://sap-cloud-foundry-prod-5dq3rn9x.it-cpi018-rt.cfapps.eu10-003.hana.ondemand.com:443 "GET /http/CEVA/DeleteAttachment HTTP/1.1" 200 0
[ 2022-05-19 15:16:04,682, ERROR] token: 7K8vEK_kPPkPj116B28LaoFE8119J0z0
[ 2022-05-19 15:16:04,682, ERROR] {'X-CSRF-token': '7K8vEK_kPPkPj116B28LaoFE8119J0z0', 'Authorization': 'Basic c2ItOTY3YzM0YTMtYmJjNi00YTljLWFkYzUtOTQ5ODVhNjg3MjU4IWIxMzgxNDV8aXQtcnQtc2FwLWNsb3VkLWZvdW5kcnktcHJvZC01ZHEzcm45eCFiMTE3OTEyOjg3YTI5Y2Q4LTIxOWEtNDY4Yy1iMWZlLWE5NDA0NDk1MDVmYiRQa0pEbVNHZ1VZeHFSeEFpLTgwTDE3SF82OWtUMmlVdWp1S2k5RGRWMjVBPQ==', 'Accept': 'application/json', 'Content-Type': 'application/json', 'Connection': 'keep-alive'}
[ 2022-05-19 15:16:04,684, DEBUG] Starting new HTTPS connection (1): sap-cloud-foundry-prod-5dq3rn9x.it-cpi018-rt.cfapps.eu10-003.hana.ondemand.com:443
[ 2022-05-19 15:16:04,842, DEBUG] https://sap-cloud-foundry-prod-5dq3rn9x.it-cpi018-rt.cfapps.eu10-003.hana.ondemand.com:443 "DELETE /http/CEVA/DeleteAttachment HTTP/1.1" 403 431
[ 2022-05-19 15:16:06,478, ERROR] Error post call for sending file 0187098066! status_code: 403 
[ 2022-05-19 17:50:49,382, INFO] START PROGRAM
[ 2022-05-19 17:50:49,382, INFO] logs_dir: .\logs 
[ 2022-05-19 17:50:49,382, INFO] save_dir: .\save 
[ 2022-05-19 17:50:49,382, INFO] db_dir: .\db 
[ 2022-05-19 17:50:49,382, INFO] export_dir: .\export 
[ 2022-05-19 17:50:49,382, INFO] img_dir: .\img 
[ 2022-05-19 17:50:58,453, INFO] file: C:\Users\f.faccia\Downloads\0187092454.pdf, operazione: upload
[ 2022-05-19 17:50:58,456, INFO] get token from https://sap-cloud-foundry-prod-5dq3rn9x.it-cpi018-rt.cfapps.eu10-003.hana.ondemand.com/http/CEVA/InsertAttachment
[ 2022-05-19 17:50:58,472, DEBUG] Starting new HTTPS connection (1): sap-cloud-foundry-prod-5dq3rn9x.it-cpi018-rt.cfapps.eu10-003.hana.ondemand.com:443
[ 2022-05-19 17:50:58,705, DEBUG] https://sap-cloud-foundry-prod-5dq3rn9x.it-cpi018-rt.cfapps.eu10-003.hana.ondemand.com:443 "GET /http/CEVA/InsertAttachment HTTP/1.1" 200 0
[ 2022-05-19 17:50:58,707, ERROR] token: ern8nbBTttl8Znckme1d17kk2yltQIn_
[ 2022-05-19 17:50:58,707, ERROR] {'X-CSRF-token': 'ern8nbBTttl8Znckme1d17kk2yltQIn_', 'Authorization': 'Basic c2ItOTY3YzM0YTMtYmJjNi00YTljLWFkYzUtOTQ5ODVhNjg3MjU4IWIxMzgxNDV8aXQtcnQtc2FwLWNsb3VkLWZvdW5kcnktcHJvZC01ZHEzcm45eCFiMTE3OTEyOjg3YTI5Y2Q4LTIxOWEtNDY4Yy1iMWZlLWE5NDA0NDk1MDVmYiRQa0pEbVNHZ1VZeHFSeEFpLTgwTDE3SF82OWtUMmlVdWp1S2k5RGRWMjVBPQ==', 'Accept': 'application/json', 'Content-Type': 'application/json', 'Connection': 'keep-alive'}
[ 2022-05-19 17:50:58,709, DEBUG] Starting new HTTPS connection (1): sap-cloud-foundry-prod-5dq3rn9x.it-cpi018-rt.cfapps.eu10-003.hana.ondemand.com:443
[ 2022-05-19 17:51:00,612, DEBUG] https://sap-cloud-foundry-prod-5dq3rn9x.it-cpi018-rt.cfapps.eu10-003.hana.ondemand.com:443 "POST /http/CEVA/InsertAttachment HTTP/1.1" 400 None
[ 2022-05-19 17:51:02,919, ERROR] Error post call for sending file 0187092454! status_code: 400 
[ 2022-05-19 17:51:03,882, ERROR] upload failed for File 0187092454.pdf. status_code: 400!codice errore: ZCEVA_ATTACH/003message: Allegato già acquisitoerrordetails: {'errordetail': {'code': 'ZCEVA_ATTACH/003', 'message': 'Allegato già acquisito'}}
[ 2022-05-19 17:51:10,012, INFO] file: C:\Users\f.faccia\Downloads\0187092454.pdf, operazione: remove
[ 2022-05-19 17:51:10,014, INFO] get token from https://sap-cloud-foundry-prod-5dq3rn9x.it-cpi018-rt.cfapps.eu10-003.hana.ondemand.com/http/CEVA/DeleteAttachment
[ 2022-05-19 17:51:10,014, INFO] {'vbeln': '0187092454', 'nomefile': '0187092454.pdf', 'tipo': 'DDT'} 
[ 2022-05-19 17:51:10,015, DEBUG] Starting new HTTPS connection (1): sap-cloud-foundry-prod-5dq3rn9x.it-cpi018-rt.cfapps.eu10-003.hana.ondemand.com:443
[ 2022-05-19 17:51:10,153, DEBUG] https://sap-cloud-foundry-prod-5dq3rn9x.it-cpi018-rt.cfapps.eu10-003.hana.ondemand.com:443 "GET /http/CEVA/DeleteAttachment HTTP/1.1" 200 0
[ 2022-05-19 17:51:10,155, ERROR] token: y2NHKKteO4wSDVaTNGFqPVgFsh-LrWgn
[ 2022-05-19 17:51:10,155, ERROR] {'X-CSRF-token': 'y2NHKKteO4wSDVaTNGFqPVgFsh-LrWgn', 'Authorization': 'Basic c2ItOTY3YzM0YTMtYmJjNi00YTljLWFkYzUtOTQ5ODVhNjg3MjU4IWIxMzgxNDV8aXQtcnQtc2FwLWNsb3VkLWZvdW5kcnktcHJvZC01ZHEzcm45eCFiMTE3OTEyOjg3YTI5Y2Q4LTIxOWEtNDY4Yy1iMWZlLWE5NDA0NDk1MDVmYiRQa0pEbVNHZ1VZeHFSeEFpLTgwTDE3SF82OWtUMmlVdWp1S2k5RGRWMjVBPQ==', 'Accept': 'application/json', 'Content-Type': 'application/json', 'Connection': 'keep-alive'}
[ 2022-05-19 17:51:10,157, DEBUG] Starting new HTTPS connection (1): sap-cloud-foundry-prod-5dq3rn9x.it-cpi018-rt.cfapps.eu10-003.hana.ondemand.com:443
[ 2022-05-19 17:51:10,340, DEBUG] https://sap-cloud-foundry-prod-5dq3rn9x.it-cpi018-rt.cfapps.eu10-003.hana.ondemand.com:443 "DELETE /http/CEVA/DeleteAttachment HTTP/1.1" 403 431
[ 2022-05-19 17:51:11,909, ERROR] Error post call for sending file 0187092454! status_code: 403 
[ 2022-05-19 17:53:31,765, INFO] file: C:\Users\f.faccia\Downloads\0187092454.pdf, operazione: upload
[ 2022-05-19 17:53:31,768, INFO] get token from https://sap-cloud-foundry-prod-5dq3rn9x.it-cpi018-rt.cfapps.eu10-003.hana.ondemand.com/http/CEVA/InsertAttachment
[ 2022-05-19 17:53:31,770, DEBUG] Starting new HTTPS connection (1): sap-cloud-foundry-prod-5dq3rn9x.it-cpi018-rt.cfapps.eu10-003.hana.ondemand.com:443
[ 2022-05-19 17:53:31,934, DEBUG] https://sap-cloud-foundry-prod-5dq3rn9x.it-cpi018-rt.cfapps.eu10-003.hana.ondemand.com:443 "GET /http/CEVA/InsertAttachment HTTP/1.1" 200 0
[ 2022-05-19 17:53:31,936, ERROR] token: 3NM2BxPFC38G-uol0wj2TZPTi3vIIQl4
[ 2022-05-19 17:53:31,936, ERROR] {'X-CSRF-token': '3NM2BxPFC38G-uol0wj2TZPTi3vIIQl4', 'Authorization': 'Basic c2ItOTY3YzM0YTMtYmJjNi00YTljLWFkYzUtOTQ5ODVhNjg3MjU4IWIxMzgxNDV8aXQtcnQtc2FwLWNsb3VkLWZvdW5kcnktcHJvZC01ZHEzcm45eCFiMTE3OTEyOjg3YTI5Y2Q4LTIxOWEtNDY4Yy1iMWZlLWE5NDA0NDk1MDVmYiRQa0pEbVNHZ1VZeHFSeEFpLTgwTDE3SF82OWtUMmlVdWp1S2k5RGRWMjVBPQ==', 'Accept': 'application/json', 'Content-Type': 'application/json', 'Connection': 'keep-alive'}
[ 2022-05-19 17:53:31,937, DEBUG] Starting new HTTPS connection (1): sap-cloud-foundry-prod-5dq3rn9x.it-cpi018-rt.cfapps.eu10-003.hana.ondemand.com:443
[ 2022-05-19 17:53:33,636, DEBUG] https://sap-cloud-foundry-prod-5dq3rn9x.it-cpi018-rt.cfapps.eu10-003.hana.ondemand.com:443 "POST /http/CEVA/InsertAttachment HTTP/1.1" 400 None
[ 2022-05-19 17:53:37,962, ERROR] Error post call for sending file 0187092454! status_code: 400 
[ 2022-05-19 17:53:47,924, ERROR] upload failed for File 0187092454.pdf. status_code: 400!codice errore: ZCEVA_ATTACH/003message: Allegato già acquisitoerrordetails: {'errordetail': {'code': 'ZCEVA_ATTACH/003', 'message': 'Allegato già acquisito'}}
[ 2022-05-19 17:53:55,546, INFO] file: C:\Users\f.faccia\Downloads\0187092454.pdf, operazione: remove
[ 2022-05-19 17:53:55,546, INFO] get token from https://sap-cloud-foundry-prod-5dq3rn9x.it-cpi018-rt.cfapps.eu10-003.hana.ondemand.com/http/CEVA/DeleteAttachment
[ 2022-05-19 17:53:55,546, INFO] {'vbeln': '0187092454', 'nomefile': '0187092454.pdf', 'tipo': 'DDT'} 
[ 2022-05-19 17:53:55,548, DEBUG] Starting new HTTPS connection (1): sap-cloud-foundry-prod-5dq3rn9x.it-cpi018-rt.cfapps.eu10-003.hana.ondemand.com:443
[ 2022-05-19 17:53:55,687, DEBUG] https://sap-cloud-foundry-prod-5dq3rn9x.it-cpi018-rt.cfapps.eu10-003.hana.ondemand.com:443 "GET /http/CEVA/DeleteAttachment HTTP/1.1" 200 0
[ 2022-05-19 17:53:55,688, ERROR] token: fQzMk2IC7ntLIQ-lN6lutIZzovIwexlM
[ 2022-05-19 17:53:55,688, ERROR] {'X-CSRF-token': 'fQzMk2IC7ntLIQ-lN6lutIZzovIwexlM', 'Authorization': 'Basic c2ItOTY3YzM0YTMtYmJjNi00YTljLWFkYzUtOTQ5ODVhNjg3MjU4IWIxMzgxNDV8aXQtcnQtc2FwLWNsb3VkLWZvdW5kcnktcHJvZC01ZHEzcm45eCFiMTE3OTEyOjg3YTI5Y2Q4LTIxOWEtNDY4Yy1iMWZlLWE5NDA0NDk1MDVmYiRQa0pEbVNHZ1VZeHFSeEFpLTgwTDE3SF82OWtUMmlVdWp1S2k5RGRWMjVBPQ==', 'Accept': 'application/json', 'Content-Type': 'application/json', 'Connection': 'keep-alive'}
[ 2022-05-19 17:53:55,689, DEBUG] Starting new HTTPS connection (1): sap-cloud-foundry-prod-5dq3rn9x.it-cpi018-rt.cfapps.eu10-003.hana.ondemand.com:443
[ 2022-05-19 17:53:55,830, DEBUG] https://sap-cloud-foundry-prod-5dq3rn9x.it-cpi018-rt.cfapps.eu10-003.hana.ondemand.com:443 "DELETE /http/CEVA/DeleteAttachment HTTP/1.1" 403 431
[ 2022-05-19 17:54:02,718, ERROR] Error post call for sending file 0187092454! status_code: 403 
[ 2022-05-19 17:55:50,546, INFO] file: C:\Users\f.faccia\Downloads\0187092454.pdf, operazione: upload
[ 2022-05-19 17:55:50,547, INFO] get token from https://sap-cloud-foundry-prod-5dq3rn9x.it-cpi018-rt.cfapps.eu10-003.hana.ondemand.com/http/CEVA/InsertAttachment
[ 2022-05-19 17:55:50,548, DEBUG] Starting new HTTPS connection (1): sap-cloud-foundry-prod-5dq3rn9x.it-cpi018-rt.cfapps.eu10-003.hana.ondemand.com:443
[ 2022-05-19 17:55:50,707, DEBUG] https://sap-cloud-foundry-prod-5dq3rn9x.it-cpi018-rt.cfapps.eu10-003.hana.ondemand.com:443 "GET /http/CEVA/InsertAttachment HTTP/1.1" 200 0
[ 2022-05-19 17:55:50,708, ERROR] token: F5_3D3GK6q0BiU2GWFPwJzOyKXEWy4CU
[ 2022-05-19 17:55:50,708, ERROR] {'X-CSRF-token': 'F5_3D3GK6q0BiU2GWFPwJzOyKXEWy4CU', 'Authorization': 'Basic c2ItOTY3YzM0YTMtYmJjNi00YTljLWFkYzUtOTQ5ODVhNjg3MjU4IWIxMzgxNDV8aXQtcnQtc2FwLWNsb3VkLWZvdW5kcnktcHJvZC01ZHEzcm45eCFiMTE3OTEyOjg3YTI5Y2Q4LTIxOWEtNDY4Yy1iMWZlLWE5NDA0NDk1MDVmYiRQa0pEbVNHZ1VZeHFSeEFpLTgwTDE3SF82OWtUMmlVdWp1S2k5RGRWMjVBPQ==', 'Accept': 'application/json', 'Content-Type': 'application/json', 'Connection': 'keep-alive'}
[ 2022-05-19 17:55:50,710, DEBUG] Starting new HTTPS connection (1): sap-cloud-foundry-prod-5dq3rn9x.it-cpi018-rt.cfapps.eu10-003.hana.ondemand.com:443
[ 2022-05-19 17:55:52,209, DEBUG] https://sap-cloud-foundry-prod-5dq3rn9x.it-cpi018-rt.cfapps.eu10-003.hana.ondemand.com:443 "POST /http/CEVA/InsertAttachment HTTP/1.1" 400 None
[ 2022-05-19 17:55:53,596, ERROR] Error post call for sending file 0187092454! status_code: 400 
[ 2022-05-19 17:56:46,175, ERROR] upload failed for File 0187092454.pdf. status_code: 400!codice errore: ZCEVA_ATTACH/003message: Allegato già acquisitoerrordetails: {'errordetail': {'code': 'ZCEVA_ATTACH/003', 'message': 'Allegato già acquisito'}}
[ 2022-05-19 17:58:45,721, INFO] logfile deleted C:\Users\f.faccia\Documenti\sviluppo\python\postexe\responses\080000054.response
[ 2022-05-19 17:58:50,627, INFO] START PROGRAM
[ 2022-05-19 17:58:50,628, INFO] logs_dir: .\logs 
[ 2022-05-19 17:58:50,628, INFO] save_dir: .\save 
[ 2022-05-19 17:58:50,628, INFO] db_dir: .\db 
[ 2022-05-19 17:58:50,628, INFO] export_dir: .\export 
[ 2022-05-19 17:58:50,628, INFO] img_dir: .\img 
[ 2022-05-19 17:58:57,172, INFO] file: C:\Users\f.faccia\Downloads\0187092454.pdf, operazione: remove
[ 2022-05-19 17:58:57,174, INFO] get token from https://sap-cloud-foundry-prod-5dq3rn9x.it-cpi018-rt.cfapps.eu10-003.hana.ondemand.com/http/CEVA/DeleteAttachment
[ 2022-05-19 17:58:57,175, INFO] {'vbeln': '0187092454', 'nomefile': '0187092454.pdf', 'tipo': 'DDT'} 
[ 2022-05-19 17:58:57,179, DEBUG] Starting new HTTPS connection (1): sap-cloud-foundry-prod-5dq3rn9x.it-cpi018-rt.cfapps.eu10-003.hana.ondemand.com:443
[ 2022-05-19 17:58:57,354, DEBUG] https://sap-cloud-foundry-prod-5dq3rn9x.it-cpi018-rt.cfapps.eu10-003.hana.ondemand.com:443 "GET /http/CEVA/DeleteAttachment HTTP/1.1" 200 0
[ 2022-05-19 17:58:57,356, ERROR] token: cAqveL8tlxpd6l9IOk2_wjHNi2g8qIzO
[ 2022-05-19 17:58:57,356, ERROR] {'X-CSRF-token': 'cAqveL8tlxpd6l9IOk2_wjHNi2g8qIzO', 'Authorization': 'Basic c2ItOTY3YzM0YTMtYmJjNi00YTljLWFkYzUtOTQ5ODVhNjg3MjU4IWIxMzgxNDV8aXQtcnQtc2FwLWNsb3VkLWZvdW5kcnktcHJvZC01ZHEzcm45eCFiMTE3OTEyOjg3YTI5Y2Q4LTIxOWEtNDY4Yy1iMWZlLWE5NDA0NDk1MDVmYiRQa0pEbVNHZ1VZeHFSeEFpLTgwTDE3SF82OWtUMmlVdWp1S2k5RGRWMjVBPQ==', 'Accept': 'application/json', 'Content-Type': 'application/json', 'Connection': 'keep-alive'}
[ 2022-05-19 17:59:50,574, INFO] START PROGRAM
[ 2022-05-19 17:59:50,575, INFO] logs_dir: .\logs 
[ 2022-05-19 17:59:50,575, INFO] save_dir: .\save 
[ 2022-05-19 17:59:50,575, INFO] db_dir: .\db 
[ 2022-05-19 17:59:50,575, INFO] export_dir: .\export 
[ 2022-05-19 17:59:50,575, INFO] img_dir: .\img 
[ 2022-05-19 17:59:58,093, INFO] file: C:\Users\f.faccia\Downloads\0187092454.pdf, operazione: remove
[ 2022-05-19 17:59:58,093, INFO] get token from https://sap-cloud-foundry-prod-5dq3rn9x.it-cpi018-rt.cfapps.eu10-003.hana.ondemand.com/http/CEVA/DeleteAttachment
[ 2022-05-19 17:59:58,094, INFO] {'vbeln': '0187092454', 'nomefile': '0187092454.pdf', 'tipo': 'DDT'} 
[ 2022-05-19 17:59:58,098, DEBUG] Starting new HTTPS connection (1): sap-cloud-foundry-prod-5dq3rn9x.it-cpi018-rt.cfapps.eu10-003.hana.ondemand.com:443
[ 2022-05-19 17:59:58,255, DEBUG] https://sap-cloud-foundry-prod-5dq3rn9x.it-cpi018-rt.cfapps.eu10-003.hana.ondemand.com:443 "GET /http/CEVA/DeleteAttachment HTTP/1.1" 200 0
[ 2022-05-19 17:59:58,256, ERROR] token: vs8ogJPMMkSW8Ea2Xj-En3IgoquS3xz2
[ 2022-05-19 17:59:58,257, ERROR] {'X-CSRF-token': 'vs8ogJPMMkSW8Ea2Xj-En3IgoquS3xz2', 'Authorization': 'Basic c2ItOTY3YzM0YTMtYmJjNi00YTljLWFkYzUtOTQ5ODVhNjg3MjU4IWIxMzgxNDV8aXQtcnQtc2FwLWNsb3VkLWZvdW5kcnktcHJvZC01ZHEzcm45eCFiMTE3OTEyOjg3YTI5Y2Q4LTIxOWEtNDY4Yy1iMWZlLWE5NDA0NDk1MDVmYiRQa0pEbVNHZ1VZeHFSeEFpLTgwTDE3SF82OWtUMmlVdWp1S2k5RGRWMjVBPQ==', 'Accept': 'application/json', 'Content-Type': 'application/json', 'Connection': 'keep-alive'}
[ 2022-05-19 17:59:58,258, DEBUG] Starting new HTTPS connection (1): sap-cloud-foundry-prod-5dq3rn9x.it-cpi018-rt.cfapps.eu10-003.hana.ondemand.com:443
[ 2022-05-19 18:00:04,906, DEBUG] https://sap-cloud-foundry-prod-5dq3rn9x.it-cpi018-rt.cfapps.eu10-003.hana.ondemand.com:443 "DELETE /http/CEVA/DeleteAttachment HTTP/1.1" 204 0
[ 2022-05-19 18:00:08,280, ERROR] remove Successfull for File 0187092454.pdf. status_code: 204!
[ 2022-05-19 18:00:26,969, INFO] file: C:\Users\f.faccia\Downloads\0187092454.pdf, operazione: upload
[ 2022-05-19 18:00:26,971, INFO] get token from https://sap-cloud-foundry-prod-5dq3rn9x.it-cpi018-rt.cfapps.eu10-003.hana.ondemand.com/http/CEVA/InsertAttachment
[ 2022-05-19 18:00:26,972, DEBUG] Starting new HTTPS connection (1): sap-cloud-foundry-prod-5dq3rn9x.it-cpi018-rt.cfapps.eu10-003.hana.ondemand.com:443
[ 2022-05-19 18:00:27,104, DEBUG] https://sap-cloud-foundry-prod-5dq3rn9x.it-cpi018-rt.cfapps.eu10-003.hana.ondemand.com:443 "GET /http/CEVA/InsertAttachment HTTP/1.1" 200 0
[ 2022-05-19 18:00:27,105, ERROR] token: L8cecBmSImB1Ark1romO6FUR_q1C173Z
[ 2022-05-19 18:00:27,105, ERROR] {'X-CSRF-token': 'L8cecBmSImB1Ark1romO6FUR_q1C173Z', 'Authorization': 'Basic c2ItOTY3YzM0YTMtYmJjNi00YTljLWFkYzUtOTQ5ODVhNjg3MjU4IWIxMzgxNDV8aXQtcnQtc2FwLWNsb3VkLWZvdW5kcnktcHJvZC01ZHEzcm45eCFiMTE3OTEyOjg3YTI5Y2Q4LTIxOWEtNDY4Yy1iMWZlLWE5NDA0NDk1MDVmYiRQa0pEbVNHZ1VZeHFSeEFpLTgwTDE3SF82OWtUMmlVdWp1S2k5RGRWMjVBPQ==', 'Accept': 'application/json', 'Content-Type': 'application/json', 'Connection': 'keep-alive'}
[ 2022-05-19 18:00:27,107, DEBUG] Starting new HTTPS connection (1): sap-cloud-foundry-prod-5dq3rn9x.it-cpi018-rt.cfapps.eu10-003.hana.ondemand.com:443
[ 2022-05-19 18:00:33,174, DEBUG] https://sap-cloud-foundry-prod-5dq3rn9x.it-cpi018-rt.cfapps.eu10-003.hana.ondemand.com:443 "POST /http/CEVA/InsertAttachment HTTP/1.1" 201 None
[ 2022-05-19 18:00:34,474, ERROR] upload Successfull for File 0187092454.pdf. status_code: 201!
[ 2022-05-19 18:00:40,032, INFO] file: C:\Users\f.faccia\Downloads\0187092454.pdf, operazione: remove
[ 2022-05-19 18:00:40,033, INFO] get token from https://sap-cloud-foundry-prod-5dq3rn9x.it-cpi018-rt.cfapps.eu10-003.hana.ondemand.com/http/CEVA/DeleteAttachment
[ 2022-05-19 18:00:40,033, INFO] {'vbeln': '0187092454', 'nomefile': '0187092454.pdf', 'tipo': 'DDT'} 
[ 2022-05-19 18:00:40,034, DEBUG] Starting new HTTPS connection (1): sap-cloud-foundry-prod-5dq3rn9x.it-cpi018-rt.cfapps.eu10-003.hana.ondemand.com:443
[ 2022-05-19 18:00:40,184, DEBUG] https://sap-cloud-foundry-prod-5dq3rn9x.it-cpi018-rt.cfapps.eu10-003.hana.ondemand.com:443 "GET /http/CEVA/DeleteAttachment HTTP/1.1" 200 0
[ 2022-05-19 18:00:40,186, ERROR] token: dFDmtTBzUHHFRDpYxY6jEaLqFEsyr46I
[ 2022-05-19 18:00:40,186, ERROR] {'X-CSRF-token': 'dFDmtTBzUHHFRDpYxY6jEaLqFEsyr46I', 'Authorization': 'Basic c2ItOTY3YzM0YTMtYmJjNi00YTljLWFkYzUtOTQ5ODVhNjg3MjU4IWIxMzgxNDV8aXQtcnQtc2FwLWNsb3VkLWZvdW5kcnktcHJvZC01ZHEzcm45eCFiMTE3OTEyOjg3YTI5Y2Q4LTIxOWEtNDY4Yy1iMWZlLWE5NDA0NDk1MDVmYiRQa0pEbVNHZ1VZeHFSeEFpLTgwTDE3SF82OWtUMmlVdWp1S2k5RGRWMjVBPQ==', 'Accept': 'application/json', 'Content-Type': 'application/json', 'Connection': 'keep-alive'}
[ 2022-05-19 18:00:40,187, DEBUG] Starting new HTTPS connection (1): sap-cloud-foundry-prod-5dq3rn9x.it-cpi018-rt.cfapps.eu10-003.hana.ondemand.com:443
[ 2022-05-19 18:00:47,300, DEBUG] https://sap-cloud-foundry-prod-5dq3rn9x.it-cpi018-rt.cfapps.eu10-003.hana.ondemand.com:443 "DELETE /http/CEVA/DeleteAttachment HTTP/1.1" 204 0
[ 2022-05-19 18:00:48,530, ERROR] remove Successfull for File 0187092454.pdf. status_code: 204!
[ 2022-05-19 18:01:50,139, INFO] file: C:\Users\f.faccia\Downloads\0187092454.pdf, operazione: upload
[ 2022-05-19 18:01:50,141, INFO] get token from https://sap-cloud-foundry-prod-5dq3rn9x.it-cpi018-rt.cfapps.eu10-003.hana.ondemand.com/http/CEVA/InsertAttachment
[ 2022-05-19 18:01:50,143, DEBUG] Starting new HTTPS connection (1): sap-cloud-foundry-prod-5dq3rn9x.it-cpi018-rt.cfapps.eu10-003.hana.ondemand.com:443
[ 2022-05-19 18:01:50,324, DEBUG] https://sap-cloud-foundry-prod-5dq3rn9x.it-cpi018-rt.cfapps.eu10-003.hana.ondemand.com:443 "GET /http/CEVA/InsertAttachment HTTP/1.1" 200 0
[ 2022-05-19 18:01:50,326, ERROR] token: JuGal_dTDopv1iczlAmsusw9rsjcteMC
[ 2022-05-19 18:01:50,326, ERROR] {'X-CSRF-token': 'JuGal_dTDopv1iczlAmsusw9rsjcteMC', 'Authorization': 'Basic c2ItOTY3YzM0YTMtYmJjNi00YTljLWFkYzUtOTQ5ODVhNjg3MjU4IWIxMzgxNDV8aXQtcnQtc2FwLWNsb3VkLWZvdW5kcnktcHJvZC01ZHEzcm45eCFiMTE3OTEyOjg3YTI5Y2Q4LTIxOWEtNDY4Yy1iMWZlLWE5NDA0NDk1MDVmYiRQa0pEbVNHZ1VZeHFSeEFpLTgwTDE3SF82OWtUMmlVdWp1S2k5RGRWMjVBPQ==', 'Accept': 'application/json', 'Content-Type': 'application/json', 'Connection': 'keep-alive'}
[ 2022-05-19 18:01:50,328, DEBUG] Starting new HTTPS connection (1): sap-cloud-foundry-prod-5dq3rn9x.it-cpi018-rt.cfapps.eu10-003.hana.ondemand.com:443
[ 2022-05-19 18:01:55,431, DEBUG] https://sap-cloud-foundry-prod-5dq3rn9x.it-cpi018-rt.cfapps.eu10-003.hana.ondemand.com:443 "POST /http/CEVA/InsertAttachment HTTP/1.1" 201 None
[ 2022-05-19 18:01:56,845, ERROR] upload Successfull for File 0187092454.pdf. status_code: 201!
[ 2022-05-19 18:02:02,187, INFO] file: C:\Users\f.faccia\Downloads\0187092454.pdf, operazione: remove
[ 2022-05-19 18:02:02,187, INFO] get token from https://sap-cloud-foundry-prod-5dq3rn9x.it-cpi018-rt.cfapps.eu10-003.hana.ondemand.com/http/CEVA/DeleteAttachment
[ 2022-05-19 18:02:02,187, INFO] {'vbeln': '0187092454', 'nomefile': '0187092454.pdf', 'tipo': 'DDT'} 
[ 2022-05-19 18:02:02,189, DEBUG] Starting new HTTPS connection (1): sap-cloud-foundry-prod-5dq3rn9x.it-cpi018-rt.cfapps.eu10-003.hana.ondemand.com:443
[ 2022-05-19 18:02:02,361, DEBUG] https://sap-cloud-foundry-prod-5dq3rn9x.it-cpi018-rt.cfapps.eu10-003.hana.ondemand.com:443 "GET /http/CEVA/DeleteAttachment HTTP/1.1" 200 0
[ 2022-05-19 18:02:02,363, ERROR] token: buN_iwgzpwtXXomCtLSvlJ7xFszVXXQG
[ 2022-05-19 18:02:02,363, ERROR] {'X-CSRF-token': 'buN_iwgzpwtXXomCtLSvlJ7xFszVXXQG', 'Authorization': 'Basic c2ItOTY3YzM0YTMtYmJjNi00YTljLWFkYzUtOTQ5ODVhNjg3MjU4IWIxMzgxNDV8aXQtcnQtc2FwLWNsb3VkLWZvdW5kcnktcHJvZC01ZHEzcm45eCFiMTE3OTEyOjg3YTI5Y2Q4LTIxOWEtNDY4Yy1iMWZlLWE5NDA0NDk1MDVmYiRQa0pEbVNHZ1VZeHFSeEFpLTgwTDE3SF82OWtUMmlVdWp1S2k5RGRWMjVBPQ==', 'Accept': 'application/json', 'Content-Type': 'application/json', 'Connection': 'keep-alive'}
[ 2022-05-19 18:02:02,365, DEBUG] Starting new HTTPS connection (1): sap-cloud-foundry-prod-5dq3rn9x.it-cpi018-rt.cfapps.eu10-003.hana.ondemand.com:443
[ 2022-05-19 18:02:10,798, DEBUG] https://sap-cloud-foundry-prod-5dq3rn9x.it-cpi018-rt.cfapps.eu10-003.hana.ondemand.com:443 "DELETE /http/CEVA/DeleteAttachment HTTP/1.1" 204 0
[ 2022-05-19 18:02:12,181, ERROR] remove Successfull for File 0187092454.pdf. status_code: 204!
[ 2022-05-19 18:03:41,249, INFO] logfile deleted C:\Users\f.faccia\Documenti\sviluppo\python\postexe\save\0187098066.pdf
